   0  $accept : Program $end

   1  Program : ClassList

   2  ClassList : ClassList ClassDef
   3            | ClassDef

   4  VariableDef : Variable ';'

   5  Variable : Type IDENTIFIER

   6  Type : INT
   7       | VOID
   8       | BOOL
   9       | STRING
  10       | CLASS IDENTIFIER
  11       | Type '[' ']'

  12  ClassDef : CLASS IDENTIFIER ExtendsClause '{' FieldList '}'

  13  ExtendsClause : EXTENDS IDENTIFIER
  14                |

  15  FieldList : FieldList VariableDef
  16            | FieldList FunctionDef
  17            |

  18  Formals : VariableList
  19          |

  20  VariableList : VariableList ',' Variable
  21               | Variable

  22  FunctionDef : STATIC Type IDENTIFIER '(' Formals ')' StmtBlock
  23              | Type IDENTIFIER '(' Formals ')' StmtBlock

  24  StmtBlock : '{' StmtList '}'

  25  StmtList : StmtList Stmt
  26           |

  27  Stmt : VariableDef
  28       | SimpleStmt ';'
  29       | IfStmt
  30       | SwitchStmt
  31       | RepeatUntil
  32       | WhileStmt
  33       | ForStmt
  34       | ReturnStmt ';'
  35       | PrintStmt ';'
  36       | BreakStmt ';'
  37       | StmtBlock
  38       | ADDONE Expr ';'
  39       | Expr ADDONE ';'
  40       | SUBONE Expr ';'
  41       | Expr SUBONE ';'

  42  SimpleStmt : LValue '=' Expr
  43             | Call
  44             |

  45  Receiver : Expr '.'
  46           |

  47  LValue : Receiver IDENTIFIER
  48         | Expr '[' Expr ']'

  49  Call : Receiver IDENTIFIER '(' Actuals ')'

  50  Expr : LValue
  51       | Call
  52       | Constant
  53       | Expr '+' Expr
  54       | Expr '-' Expr
  55       | Expr '*' Expr
  56       | Expr '/' Expr
  57       | Expr '%' Expr
  58       | Expr EQUAL Expr
  59       | Expr NOT_EQUAL Expr
  60       | Expr '<' Expr
  61       | Expr '>' Expr
  62       | Expr LESS_EQUAL Expr
  63       | Expr GREATER_EQUAL Expr
  64       | Expr AND Expr
  65       | Expr OR Expr
  66       | '(' Expr ')'
  67       | '-' Expr
  68       | ADDONE Expr
  69       | Expr ADDONE
  70       | SUBONE Expr
  71       | Expr SUBONE
  72       | '!' Expr
  73       | Expr '?' Expr ':' Expr
  74       | READ_INTEGER '(' ')'
  75       | READ_LINE '(' ')'
  76       | THIS
  77       | NEW IDENTIFIER '(' ')'
  78       | NEW Type '[' Expr ']'
  79       | INSTANCEOF '(' Expr ',' IDENTIFIER ')'
  80       | '(' CLASS IDENTIFIER ')' Expr

  81  Constant : LITERAL
  82           | NULL

  83  Actuals : ExprList
  84          |

  85  ExprList : ExprList ',' Expr
  86           | Expr

  87  WhileStmt : WHILE '(' Expr ')' Stmt

  88  ForStmt : FOR '(' SimpleStmt ';' Expr ';' SimpleStmt ')' Stmt

  89  RepeatUntil : REPEAT Stmt UNTIL Expr

  90  BreakStmt : BREAK

  91  IfStmt : IF '(' Expr ')' Stmt ElseClause

  92  CaseStmt : CASE Constant ':' StmtList

  93  DefaultStmt : DEFAULT ':' StmtList

  94  SwitchStmt : SWITCH '(' Expr ')' '{' SwitchBlock '}'

  95  SwitchBlock : SwitchBlock CaseStmt
  96              | SwitchBlock DefaultStmt
  97              |

  98  ElseClause : ELSE Stmt
  99             |

 100  ReturnStmt : RETURN Expr
 101             | RETURN

 102  PrintStmt : PRINT '(' ExprList ')'

state 0
	$accept : . Program $end  (0)

	CLASS  shift 1
	.  error

	Program  goto 2
	ClassList  goto 3
	ClassDef  goto 4


state 1
	ClassDef : CLASS . IDENTIFIER ExtendsClause '{' FieldList '}'  (12)

	IDENTIFIER  shift 5
	.  error


state 2
	$accept : Program . $end  (0)

	$end  accept


state 3
	Program : ClassList .  (1)
	ClassList : ClassList . ClassDef  (2)

	CLASS  shift 1
	$end  reduce 1

	ClassDef  goto 6


state 4
	ClassList : ClassDef .  (3)

	.  reduce 3


state 5
	ClassDef : CLASS IDENTIFIER . ExtendsClause '{' FieldList '}'  (12)
	ExtendsClause : .  (14)

	EXTENDS  shift 7
	'{'  reduce 14

	ExtendsClause  goto 8


state 6
	ClassList : ClassList ClassDef .  (2)

	.  reduce 2


state 7
	ExtendsClause : EXTENDS . IDENTIFIER  (13)

	IDENTIFIER  shift 9
	.  error


state 8
	ClassDef : CLASS IDENTIFIER ExtendsClause . '{' FieldList '}'  (12)

	'{'  shift 10
	.  error


state 9
	ExtendsClause : EXTENDS IDENTIFIER .  (13)

	.  reduce 13


state 10
	ClassDef : CLASS IDENTIFIER ExtendsClause '{' . FieldList '}'  (12)
	FieldList : .  (17)

	.  reduce 17

	FieldList  goto 11


state 11
	ClassDef : CLASS IDENTIFIER ExtendsClause '{' FieldList . '}'  (12)
	FieldList : FieldList . VariableDef  (15)
	FieldList : FieldList . FunctionDef  (16)

	VOID  shift 12
	BOOL  shift 13
	INT  shift 14
	STRING  shift 15
	CLASS  shift 16
	STATIC  shift 17
	'}'  shift 18
	.  error

	VariableDef  goto 19
	Variable  goto 20
	Type  goto 21
	FunctionDef  goto 22


state 12
	Type : VOID .  (7)

	.  reduce 7


state 13
	Type : BOOL .  (8)

	.  reduce 8


state 14
	Type : INT .  (6)

	.  reduce 6


state 15
	Type : STRING .  (9)

	.  reduce 9


state 16
	Type : CLASS . IDENTIFIER  (10)

	IDENTIFIER  shift 23
	.  error


state 17
	FunctionDef : STATIC . Type IDENTIFIER '(' Formals ')' StmtBlock  (22)

	VOID  shift 12
	BOOL  shift 13
	INT  shift 14
	STRING  shift 15
	CLASS  shift 16
	.  error

	Type  goto 24


state 18
	ClassDef : CLASS IDENTIFIER ExtendsClause '{' FieldList '}' .  (12)

	.  reduce 12


state 19
	FieldList : FieldList VariableDef .  (15)

	.  reduce 15


state 20
	VariableDef : Variable . ';'  (4)

	';'  shift 25
	.  error


state 21
	Variable : Type . IDENTIFIER  (5)
	Type : Type . '[' ']'  (11)
	FunctionDef : Type . IDENTIFIER '(' Formals ')' StmtBlock  (23)

	IDENTIFIER  shift 26
	'['  shift 27
	.  error


state 22
	FieldList : FieldList FunctionDef .  (16)

	.  reduce 16


state 23
	Type : CLASS IDENTIFIER .  (10)

	.  reduce 10


state 24
	Type : Type . '[' ']'  (11)
	FunctionDef : STATIC Type . IDENTIFIER '(' Formals ')' StmtBlock  (22)

	IDENTIFIER  shift 28
	'['  shift 27
	.  error


state 25
	VariableDef : Variable ';' .  (4)

	.  reduce 4


state 26
	Variable : Type IDENTIFIER .  (5)
	FunctionDef : Type IDENTIFIER . '(' Formals ')' StmtBlock  (23)

	'('  shift 29
	';'  reduce 5


state 27
	Type : Type '[' . ']'  (11)

	']'  shift 30
	.  error


state 28
	FunctionDef : STATIC Type IDENTIFIER . '(' Formals ')' StmtBlock  (22)

	'('  shift 31
	.  error


state 29
	FunctionDef : Type IDENTIFIER '(' . Formals ')' StmtBlock  (23)
	Formals : .  (19)

	VOID  shift 12
	BOOL  shift 13
	INT  shift 14
	STRING  shift 15
	CLASS  shift 16
	')'  reduce 19

	Variable  goto 32
	Type  goto 33
	Formals  goto 34
	VariableList  goto 35


state 30
	Type : Type '[' ']' .  (11)

	.  reduce 11


state 31
	FunctionDef : STATIC Type IDENTIFIER '(' . Formals ')' StmtBlock  (22)
	Formals : .  (19)

	VOID  shift 12
	BOOL  shift 13
	INT  shift 14
	STRING  shift 15
	CLASS  shift 16
	')'  reduce 19

	Variable  goto 32
	Type  goto 33
	Formals  goto 36
	VariableList  goto 35


state 32
	VariableList : Variable .  (21)

	.  reduce 21


state 33
	Variable : Type . IDENTIFIER  (5)
	Type : Type . '[' ']'  (11)

	IDENTIFIER  shift 37
	'['  shift 27
	.  error


state 34
	FunctionDef : Type IDENTIFIER '(' Formals . ')' StmtBlock  (23)

	')'  shift 38
	.  error


state 35
	Formals : VariableList .  (18)
	VariableList : VariableList . ',' Variable  (20)

	','  shift 39
	')'  reduce 18


state 36
	FunctionDef : STATIC Type IDENTIFIER '(' Formals . ')' StmtBlock  (22)

	')'  shift 40
	.  error


state 37
	Variable : Type IDENTIFIER .  (5)

	.  reduce 5


state 38
	FunctionDef : Type IDENTIFIER '(' Formals ')' . StmtBlock  (23)

	'{'  shift 41
	.  error

	StmtBlock  goto 42


state 39
	VariableList : VariableList ',' . Variable  (20)

	VOID  shift 12
	BOOL  shift 13
	INT  shift 14
	STRING  shift 15
	CLASS  shift 16
	.  error

	Variable  goto 43
	Type  goto 33


state 40
	FunctionDef : STATIC Type IDENTIFIER '(' Formals ')' . StmtBlock  (22)

	'{'  shift 41
	.  error

	StmtBlock  goto 44


state 41
	StmtBlock : '{' . StmtList '}'  (24)
	StmtList : .  (26)

	.  reduce 26

	StmtList  goto 45


state 42
	FunctionDef : Type IDENTIFIER '(' Formals ')' StmtBlock .  (23)

	.  reduce 23


state 43
	VariableList : VariableList ',' Variable .  (20)

	.  reduce 20


state 44
	FunctionDef : STATIC Type IDENTIFIER '(' Formals ')' StmtBlock .  (22)

	.  reduce 22


state 45
	StmtBlock : '{' StmtList . '}'  (24)
	StmtList : StmtList . Stmt  (25)
	SimpleStmt : .  (44)
	Receiver : .  (46)

	VOID  shift 12
	BOOL  shift 13
	INT  shift 14
	STRING  shift 15
	CLASS  shift 16
	NULL  shift 46
	THIS  shift 47
	WHILE  shift 48
	FOR  shift 49
	REPEAT  shift 50
	IF  shift 51
	SWITCH  shift 52
	RETURN  shift 53
	BREAK  shift 54
	NEW  shift 55
	PRINT  shift 56
	READ_INTEGER  shift 57
	READ_LINE  shift 58
	LITERAL  shift 59
	INSTANCEOF  shift 60
	'-'  shift 61
	'!'  shift 62
	'('  shift 63
	'{'  shift 41
	'}'  shift 64
	ADDONE  shift 65
	SUBONE  shift 66
	IDENTIFIER  reduce 46
	';'  reduce 44

	VariableDef  goto 67
	Variable  goto 20
	Type  goto 33
	StmtBlock  goto 68
	Stmt  goto 69
	SimpleStmt  goto 70
	IfStmt  goto 71
	SwitchStmt  goto 72
	RepeatUntil  goto 73
	WhileStmt  goto 74
	ForStmt  goto 75
	ReturnStmt  goto 76
	PrintStmt  goto 77
	BreakStmt  goto 78
	Expr  goto 79
	LValue  goto 80
	Call  goto 81
	Receiver  goto 82
	Constant  goto 83


state 46
	Constant : NULL .  (82)

	.  reduce 82


state 47
	Expr : THIS .  (76)

	.  reduce 76


state 48
	WhileStmt : WHILE . '(' Expr ')' Stmt  (87)

	'('  shift 84
	.  error


state 49
	ForStmt : FOR . '(' SimpleStmt ';' Expr ';' SimpleStmt ')' Stmt  (88)

	'('  shift 85
	.  error


state 50
	RepeatUntil : REPEAT . Stmt UNTIL Expr  (89)
	SimpleStmt : .  (44)
	Receiver : .  (46)

	VOID  shift 12
	BOOL  shift 13
	INT  shift 14
	STRING  shift 15
	CLASS  shift 16
	NULL  shift 46
	THIS  shift 47
	WHILE  shift 48
	FOR  shift 49
	REPEAT  shift 50
	IF  shift 51
	SWITCH  shift 52
	RETURN  shift 53
	BREAK  shift 54
	NEW  shift 55
	PRINT  shift 56
	READ_INTEGER  shift 57
	READ_LINE  shift 58
	LITERAL  shift 59
	INSTANCEOF  shift 60
	'-'  shift 61
	'!'  shift 62
	'('  shift 63
	'{'  shift 41
	ADDONE  shift 65
	SUBONE  shift 66
	IDENTIFIER  reduce 46
	';'  reduce 44

	VariableDef  goto 67
	Variable  goto 20
	Type  goto 33
	StmtBlock  goto 68
	Stmt  goto 86
	SimpleStmt  goto 70
	IfStmt  goto 71
	SwitchStmt  goto 72
	RepeatUntil  goto 73
	WhileStmt  goto 74
	ForStmt  goto 75
	ReturnStmt  goto 76
	PrintStmt  goto 77
	BreakStmt  goto 78
	Expr  goto 79
	LValue  goto 80
	Call  goto 81
	Receiver  goto 82
	Constant  goto 83


state 51
	IfStmt : IF . '(' Expr ')' Stmt ElseClause  (91)

	'('  shift 87
	.  error


state 52
	SwitchStmt : SWITCH . '(' Expr ')' '{' SwitchBlock '}'  (94)

	'('  shift 88
	.  error


state 53
	ReturnStmt : RETURN . Expr  (100)
	ReturnStmt : RETURN .  (101)
	Receiver : .  (46)

	NULL  shift 46
	THIS  shift 47
	NEW  shift 55
	READ_INTEGER  shift 57
	READ_LINE  shift 58
	LITERAL  shift 59
	INSTANCEOF  shift 60
	'-'  shift 61
	'!'  shift 62
	'('  shift 63
	ADDONE  shift 89
	SUBONE  shift 90
	IDENTIFIER  reduce 46
	';'  reduce 101

	Expr  goto 91
	LValue  goto 92
	Call  goto 93
	Receiver  goto 82
	Constant  goto 83


state 54
	BreakStmt : BREAK .  (90)

	.  reduce 90


state 55
	Expr : NEW . IDENTIFIER '(' ')'  (77)
	Expr : NEW . Type '[' Expr ']'  (78)

	VOID  shift 12
	BOOL  shift 13
	INT  shift 14
	STRING  shift 15
	CLASS  shift 16
	IDENTIFIER  shift 94
	.  error

	Type  goto 95


state 56
	PrintStmt : PRINT . '(' ExprList ')'  (102)

	'('  shift 96
	.  error


state 57
	Expr : READ_INTEGER . '(' ')'  (74)

	'('  shift 97
	.  error


state 58
	Expr : READ_LINE . '(' ')'  (75)

	'('  shift 98
	.  error


state 59
	Constant : LITERAL .  (81)

	.  reduce 81


state 60
	Expr : INSTANCEOF . '(' Expr ',' IDENTIFIER ')'  (79)

	'('  shift 99
	.  error


state 61
	Expr : '-' . Expr  (67)
	Receiver : .  (46)

	NULL  shift 46
	THIS  shift 47
	NEW  shift 55
	READ_INTEGER  shift 57
	READ_LINE  shift 58
	LITERAL  shift 59
	INSTANCEOF  shift 60
	'-'  shift 61
	'!'  shift 62
	'('  shift 63
	ADDONE  shift 89
	SUBONE  shift 90
	IDENTIFIER  reduce 46

	Expr  goto 100
	LValue  goto 92
	Call  goto 93
	Receiver  goto 82
	Constant  goto 83


state 62
	Expr : '!' . Expr  (72)
	Receiver : .  (46)

	NULL  shift 46
	THIS  shift 47
	NEW  shift 55
	READ_INTEGER  shift 57
	READ_LINE  shift 58
	LITERAL  shift 59
	INSTANCEOF  shift 60
	'-'  shift 61
	'!'  shift 62
	'('  shift 63
	ADDONE  shift 89
	SUBONE  shift 90
	IDENTIFIER  reduce 46

	Expr  goto 101
	LValue  goto 92
	Call  goto 93
	Receiver  goto 82
	Constant  goto 83


state 63
	Expr : '(' . Expr ')'  (66)
	Expr : '(' . CLASS IDENTIFIER ')' Expr  (80)
	Receiver : .  (46)

	CLASS  shift 102
	NULL  shift 46
	THIS  shift 47
	NEW  shift 55
	READ_INTEGER  shift 57
	READ_LINE  shift 58
	LITERAL  shift 59
	INSTANCEOF  shift 60
	'-'  shift 61
	'!'  shift 62
	'('  shift 63
	ADDONE  shift 89
	SUBONE  shift 90
	IDENTIFIER  reduce 46

	Expr  goto 103
	LValue  goto 92
	Call  goto 93
	Receiver  goto 82
	Constant  goto 83


state 64
	StmtBlock : '{' StmtList '}' .  (24)

	.  reduce 24


state 65
	Stmt : ADDONE . Expr ';'  (38)
	Expr : ADDONE . Expr  (68)
	Receiver : .  (46)

	NULL  shift 46
	THIS  shift 47
	NEW  shift 55
	READ_INTEGER  shift 57
	READ_LINE  shift 58
	LITERAL  shift 59
	INSTANCEOF  shift 60
	'-'  shift 61
	'!'  shift 62
	'('  shift 63
	ADDONE  shift 89
	SUBONE  shift 90
	IDENTIFIER  reduce 46

	Expr  goto 104
	LValue  goto 92
	Call  goto 93
	Receiver  goto 82
	Constant  goto 83


state 66
	Stmt : SUBONE . Expr ';'  (40)
	Expr : SUBONE . Expr  (70)
	Receiver : .  (46)

	NULL  shift 46
	THIS  shift 47
	NEW  shift 55
	READ_INTEGER  shift 57
	READ_LINE  shift 58
	LITERAL  shift 59
	INSTANCEOF  shift 60
	'-'  shift 61
	'!'  shift 62
	'('  shift 63
	ADDONE  shift 89
	SUBONE  shift 90
	IDENTIFIER  reduce 46

	Expr  goto 105
	LValue  goto 92
	Call  goto 93
	Receiver  goto 82
	Constant  goto 83


state 67
	Stmt : VariableDef .  (27)

	.  reduce 27


state 68
	Stmt : StmtBlock .  (37)

	.  reduce 37


state 69
	StmtList : StmtList Stmt .  (25)

	.  reduce 25


state 70
	Stmt : SimpleStmt . ';'  (28)

	';'  shift 106
	.  error


state 71
	Stmt : IfStmt .  (29)

	.  reduce 29


state 72
	Stmt : SwitchStmt .  (30)

	.  reduce 30


state 73
	Stmt : RepeatUntil .  (31)

	.  reduce 31


state 74
	Stmt : WhileStmt .  (32)

	.  reduce 32


state 75
	Stmt : ForStmt .  (33)

	.  reduce 33


state 76
	Stmt : ReturnStmt . ';'  (34)

	';'  shift 107
	.  error


state 77
	Stmt : PrintStmt . ';'  (35)

	';'  shift 108
	.  error


state 78
	Stmt : BreakStmt . ';'  (36)

	';'  shift 109
	.  error


state 79
	Stmt : Expr . ADDONE ';'  (39)
	Stmt : Expr . SUBONE ';'  (41)
	Receiver : Expr . '.'  (45)
	LValue : Expr . '[' Expr ']'  (48)
	Expr : Expr . '+' Expr  (53)
	Expr : Expr . '-' Expr  (54)
	Expr : Expr . '*' Expr  (55)
	Expr : Expr . '/' Expr  (56)
	Expr : Expr . '%' Expr  (57)
	Expr : Expr . EQUAL Expr  (58)
	Expr : Expr . NOT_EQUAL Expr  (59)
	Expr : Expr . '<' Expr  (60)
	Expr : Expr . '>' Expr  (61)
	Expr : Expr . LESS_EQUAL Expr  (62)
	Expr : Expr . GREATER_EQUAL Expr  (63)
	Expr : Expr . AND Expr  (64)
	Expr : Expr . OR Expr  (65)
	Expr : Expr . ADDONE  (69)
	Expr : Expr . SUBONE  (71)
	Expr : Expr . '?' Expr ':' Expr  (73)

	AND  shift 110
	OR  shift 111
	LESS_EQUAL  shift 112
	GREATER_EQUAL  shift 113
	EQUAL  shift 114
	NOT_EQUAL  shift 115
	'+'  shift 116
	'-'  shift 117
	'*'  shift 118
	'/'  shift 119
	'%'  shift 120
	'>'  shift 121
	'<'  shift 122
	'.'  shift 123
	'['  shift 124
	'?'  shift 125
	ADDONE  shift 126
	SUBONE  shift 127
	.  error


state 80
	SimpleStmt : LValue . '=' Expr  (42)
	Expr : LValue .  (50)

	'='  shift 128
	AND  reduce 50
	OR  reduce 50
	LESS_EQUAL  reduce 50
	GREATER_EQUAL  reduce 50
	EQUAL  reduce 50
	NOT_EQUAL  reduce 50
	'+'  reduce 50
	'-'  reduce 50
	'*'  reduce 50
	'/'  reduce 50
	'%'  reduce 50
	'>'  reduce 50
	'<'  reduce 50
	'.'  reduce 50
	'['  reduce 50
	'?'  reduce 50
	ADDONE  reduce 50
	SUBONE  reduce 50


state 81
	SimpleStmt : Call .  (43)
	Expr : Call .  (51)

	AND  reduce 51
	OR  reduce 51
	LESS_EQUAL  reduce 51
	GREATER_EQUAL  reduce 51
	EQUAL  reduce 51
	NOT_EQUAL  reduce 51
	'+'  reduce 51
	'-'  reduce 51
	'*'  reduce 51
	'/'  reduce 51
	'%'  reduce 51
	'>'  reduce 51
	'<'  reduce 51
	'.'  reduce 51
	';'  reduce 43
	')'  reduce 43
	'['  reduce 51
	'?'  reduce 51
	ADDONE  reduce 51
	SUBONE  reduce 51


state 82
	LValue : Receiver . IDENTIFIER  (47)
	Call : Receiver . IDENTIFIER '(' Actuals ')'  (49)

	IDENTIFIER  shift 129
	.  error


state 83
	Expr : Constant .  (52)

	.  reduce 52


state 84
	WhileStmt : WHILE '(' . Expr ')' Stmt  (87)
	Receiver : .  (46)

	NULL  shift 46
	THIS  shift 47
	NEW  shift 55
	READ_INTEGER  shift 57
	READ_LINE  shift 58
	LITERAL  shift 59
	INSTANCEOF  shift 60
	'-'  shift 61
	'!'  shift 62
	'('  shift 63
	ADDONE  shift 89
	SUBONE  shift 90
	IDENTIFIER  reduce 46

	Expr  goto 130
	LValue  goto 92
	Call  goto 93
	Receiver  goto 82
	Constant  goto 83


state 85
	ForStmt : FOR '(' . SimpleStmt ';' Expr ';' SimpleStmt ')' Stmt  (88)
	SimpleStmt : .  (44)
	Receiver : .  (46)

	NULL  shift 46
	THIS  shift 47
	NEW  shift 55
	READ_INTEGER  shift 57
	READ_LINE  shift 58
	LITERAL  shift 59
	INSTANCEOF  shift 60
	'-'  shift 61
	'!'  shift 62
	'('  shift 63
	ADDONE  shift 89
	SUBONE  shift 90
	IDENTIFIER  reduce 46
	';'  reduce 44

	SimpleStmt  goto 131
	Expr  goto 132
	LValue  goto 80
	Call  goto 81
	Receiver  goto 82
	Constant  goto 83


state 86
	RepeatUntil : REPEAT Stmt . UNTIL Expr  (89)

	UNTIL  shift 133
	.  error


state 87
	IfStmt : IF '(' . Expr ')' Stmt ElseClause  (91)
	Receiver : .  (46)

	NULL  shift 46
	THIS  shift 47
	NEW  shift 55
	READ_INTEGER  shift 57
	READ_LINE  shift 58
	LITERAL  shift 59
	INSTANCEOF  shift 60
	'-'  shift 61
	'!'  shift 62
	'('  shift 63
	ADDONE  shift 89
	SUBONE  shift 90
	IDENTIFIER  reduce 46

	Expr  goto 134
	LValue  goto 92
	Call  goto 93
	Receiver  goto 82
	Constant  goto 83


state 88
	SwitchStmt : SWITCH '(' . Expr ')' '{' SwitchBlock '}'  (94)
	Receiver : .  (46)

	NULL  shift 46
	THIS  shift 47
	NEW  shift 55
	READ_INTEGER  shift 57
	READ_LINE  shift 58
	LITERAL  shift 59
	INSTANCEOF  shift 60
	'-'  shift 61
	'!'  shift 62
	'('  shift 63
	ADDONE  shift 89
	SUBONE  shift 90
	IDENTIFIER  reduce 46

	Expr  goto 135
	LValue  goto 92
	Call  goto 93
	Receiver  goto 82
	Constant  goto 83


state 89
	Expr : ADDONE . Expr  (68)
	Receiver : .  (46)

	NULL  shift 46
	THIS  shift 47
	NEW  shift 55
	READ_INTEGER  shift 57
	READ_LINE  shift 58
	LITERAL  shift 59
	INSTANCEOF  shift 60
	'-'  shift 61
	'!'  shift 62
	'('  shift 63
	ADDONE  shift 89
	SUBONE  shift 90
	IDENTIFIER  reduce 46

	Expr  goto 136
	LValue  goto 92
	Call  goto 93
	Receiver  goto 82
	Constant  goto 83


state 90
	Expr : SUBONE . Expr  (70)
	Receiver : .  (46)

	NULL  shift 46
	THIS  shift 47
	NEW  shift 55
	READ_INTEGER  shift 57
	READ_LINE  shift 58
	LITERAL  shift 59
	INSTANCEOF  shift 60
	'-'  shift 61
	'!'  shift 62
	'('  shift 63
	ADDONE  shift 89
	SUBONE  shift 90
	IDENTIFIER  reduce 46

	Expr  goto 137
	LValue  goto 92
	Call  goto 93
	Receiver  goto 82
	Constant  goto 83


state 91
	Receiver : Expr . '.'  (45)
	LValue : Expr . '[' Expr ']'  (48)
	Expr : Expr . '+' Expr  (53)
	Expr : Expr . '-' Expr  (54)
	Expr : Expr . '*' Expr  (55)
	Expr : Expr . '/' Expr  (56)
	Expr : Expr . '%' Expr  (57)
	Expr : Expr . EQUAL Expr  (58)
	Expr : Expr . NOT_EQUAL Expr  (59)
	Expr : Expr . '<' Expr  (60)
	Expr : Expr . '>' Expr  (61)
	Expr : Expr . LESS_EQUAL Expr  (62)
	Expr : Expr . GREATER_EQUAL Expr  (63)
	Expr : Expr . AND Expr  (64)
	Expr : Expr . OR Expr  (65)
	Expr : Expr . ADDONE  (69)
	Expr : Expr . SUBONE  (71)
	Expr : Expr . '?' Expr ':' Expr  (73)
	ReturnStmt : RETURN Expr .  (100)

	AND  shift 110
	OR  shift 111
	LESS_EQUAL  shift 112
	GREATER_EQUAL  shift 113
	EQUAL  shift 114
	NOT_EQUAL  shift 115
	'+'  shift 116
	'-'  shift 117
	'*'  shift 118
	'/'  shift 119
	'%'  shift 120
	'>'  shift 121
	'<'  shift 122
	'.'  shift 123
	'['  shift 124
	'?'  shift 125
	ADDONE  shift 138
	SUBONE  shift 139
	';'  reduce 100


state 92
	Expr : LValue .  (50)

	.  reduce 50


state 93
	Expr : Call .  (51)

	.  reduce 51


state 94
	Expr : NEW IDENTIFIER . '(' ')'  (77)

	'('  shift 140
	.  error


state 95
	Type : Type . '[' ']'  (11)
	Expr : NEW Type . '[' Expr ']'  (78)

	'['  shift 141
	.  error


state 96
	PrintStmt : PRINT '(' . ExprList ')'  (102)
	Receiver : .  (46)

	NULL  shift 46
	THIS  shift 47
	NEW  shift 55
	READ_INTEGER  shift 57
	READ_LINE  shift 58
	LITERAL  shift 59
	INSTANCEOF  shift 60
	'-'  shift 61
	'!'  shift 62
	'('  shift 63
	ADDONE  shift 89
	SUBONE  shift 90
	IDENTIFIER  reduce 46

	Expr  goto 142
	LValue  goto 92
	Call  goto 93
	Receiver  goto 82
	Constant  goto 83
	ExprList  goto 143


state 97
	Expr : READ_INTEGER '(' . ')'  (74)

	')'  shift 144
	.  error


state 98
	Expr : READ_LINE '(' . ')'  (75)

	')'  shift 145
	.  error


state 99
	Expr : INSTANCEOF '(' . Expr ',' IDENTIFIER ')'  (79)
	Receiver : .  (46)

	NULL  shift 46
	THIS  shift 47
	NEW  shift 55
	READ_INTEGER  shift 57
	READ_LINE  shift 58
	LITERAL  shift 59
	INSTANCEOF  shift 60
	'-'  shift 61
	'!'  shift 62
	'('  shift 63
	ADDONE  shift 89
	SUBONE  shift 90
	IDENTIFIER  reduce 46

	Expr  goto 146
	LValue  goto 92
	Call  goto 93
	Receiver  goto 82
	Constant  goto 83


state 100
	Receiver : Expr . '.'  (45)
	LValue : Expr . '[' Expr ']'  (48)
	Expr : Expr . '+' Expr  (53)
	Expr : Expr . '-' Expr  (54)
	Expr : Expr . '*' Expr  (55)
	Expr : Expr . '/' Expr  (56)
	Expr : Expr . '%' Expr  (57)
	Expr : Expr . EQUAL Expr  (58)
	Expr : Expr . NOT_EQUAL Expr  (59)
	Expr : Expr . '<' Expr  (60)
	Expr : Expr . '>' Expr  (61)
	Expr : Expr . LESS_EQUAL Expr  (62)
	Expr : Expr . GREATER_EQUAL Expr  (63)
	Expr : Expr . AND Expr  (64)
	Expr : Expr . OR Expr  (65)
	Expr : '-' Expr .  (67)
	Expr : Expr . ADDONE  (69)
	Expr : Expr . SUBONE  (71)
	Expr : Expr . '?' Expr ':' Expr  (73)

	'.'  shift 123
	'['  shift 124
	VOID  reduce 67
	BOOL  reduce 67
	INT  reduce 67
	STRING  reduce 67
	CLASS  reduce 67
	NULL  reduce 67
	THIS  reduce 67
	WHILE  reduce 67
	FOR  reduce 67
	REPEAT  reduce 67
	UNTIL  reduce 67
	IF  reduce 67
	ELSE  reduce 67
	SWITCH  reduce 67
	CASE  reduce 67
	DEFAULT  reduce 67
	RETURN  reduce 67
	BREAK  reduce 67
	NEW  reduce 67
	PRINT  reduce 67
	READ_INTEGER  reduce 67
	READ_LINE  reduce 67
	LITERAL  reduce 67
	IDENTIFIER  reduce 67
	AND  reduce 67
	OR  reduce 67
	INSTANCEOF  reduce 67
	LESS_EQUAL  reduce 67
	GREATER_EQUAL  reduce 67
	EQUAL  reduce 67
	NOT_EQUAL  reduce 67
	'+'  reduce 67
	'-'  reduce 67
	'*'  reduce 67
	'/'  reduce 67
	'%'  reduce 67
	'>'  reduce 67
	'<'  reduce 67
	','  reduce 67
	';'  reduce 67
	'!'  reduce 67
	'('  reduce 67
	')'  reduce 67
	']'  reduce 67
	'{'  reduce 67
	'}'  reduce 67
	'?'  reduce 67
	':'  reduce 67
	ADDONE  reduce 67
	SUBONE  reduce 67


state 101
	Receiver : Expr . '.'  (45)
	LValue : Expr . '[' Expr ']'  (48)
	Expr : Expr . '+' Expr  (53)
	Expr : Expr . '-' Expr  (54)
	Expr : Expr . '*' Expr  (55)
	Expr : Expr . '/' Expr  (56)
	Expr : Expr . '%' Expr  (57)
	Expr : Expr . EQUAL Expr  (58)
	Expr : Expr . NOT_EQUAL Expr  (59)
	Expr : Expr . '<' Expr  (60)
	Expr : Expr . '>' Expr  (61)
	Expr : Expr . LESS_EQUAL Expr  (62)
	Expr : Expr . GREATER_EQUAL Expr  (63)
	Expr : Expr . AND Expr  (64)
	Expr : Expr . OR Expr  (65)
	Expr : Expr . ADDONE  (69)
	Expr : Expr . SUBONE  (71)
	Expr : '!' Expr .  (72)
	Expr : Expr . '?' Expr ':' Expr  (73)

	'.'  shift 123
	'['  shift 124
	VOID  reduce 72
	BOOL  reduce 72
	INT  reduce 72
	STRING  reduce 72
	CLASS  reduce 72
	NULL  reduce 72
	THIS  reduce 72
	WHILE  reduce 72
	FOR  reduce 72
	REPEAT  reduce 72
	UNTIL  reduce 72
	IF  reduce 72
	ELSE  reduce 72
	SWITCH  reduce 72
	CASE  reduce 72
	DEFAULT  reduce 72
	RETURN  reduce 72
	BREAK  reduce 72
	NEW  reduce 72
	PRINT  reduce 72
	READ_INTEGER  reduce 72
	READ_LINE  reduce 72
	LITERAL  reduce 72
	IDENTIFIER  reduce 72
	AND  reduce 72
	OR  reduce 72
	INSTANCEOF  reduce 72
	LESS_EQUAL  reduce 72
	GREATER_EQUAL  reduce 72
	EQUAL  reduce 72
	NOT_EQUAL  reduce 72
	'+'  reduce 72
	'-'  reduce 72
	'*'  reduce 72
	'/'  reduce 72
	'%'  reduce 72
	'>'  reduce 72
	'<'  reduce 72
	','  reduce 72
	';'  reduce 72
	'!'  reduce 72
	'('  reduce 72
	')'  reduce 72
	']'  reduce 72
	'{'  reduce 72
	'}'  reduce 72
	'?'  reduce 72
	':'  reduce 72
	ADDONE  reduce 72
	SUBONE  reduce 72


state 102
	Expr : '(' CLASS . IDENTIFIER ')' Expr  (80)

	IDENTIFIER  shift 147
	.  error


state 103
	Receiver : Expr . '.'  (45)
	LValue : Expr . '[' Expr ']'  (48)
	Expr : Expr . '+' Expr  (53)
	Expr : Expr . '-' Expr  (54)
	Expr : Expr . '*' Expr  (55)
	Expr : Expr . '/' Expr  (56)
	Expr : Expr . '%' Expr  (57)
	Expr : Expr . EQUAL Expr  (58)
	Expr : Expr . NOT_EQUAL Expr  (59)
	Expr : Expr . '<' Expr  (60)
	Expr : Expr . '>' Expr  (61)
	Expr : Expr . LESS_EQUAL Expr  (62)
	Expr : Expr . GREATER_EQUAL Expr  (63)
	Expr : Expr . AND Expr  (64)
	Expr : Expr . OR Expr  (65)
	Expr : '(' Expr . ')'  (66)
	Expr : Expr . ADDONE  (69)
	Expr : Expr . SUBONE  (71)
	Expr : Expr . '?' Expr ':' Expr  (73)

	AND  shift 110
	OR  shift 111
	LESS_EQUAL  shift 112
	GREATER_EQUAL  shift 113
	EQUAL  shift 114
	NOT_EQUAL  shift 115
	'+'  shift 116
	'-'  shift 117
	'*'  shift 118
	'/'  shift 119
	'%'  shift 120
	'>'  shift 121
	'<'  shift 122
	'.'  shift 123
	')'  shift 148
	'['  shift 124
	'?'  shift 125
	ADDONE  shift 138
	SUBONE  shift 139
	.  error


state 104
	Stmt : ADDONE Expr . ';'  (38)
	Receiver : Expr . '.'  (45)
	LValue : Expr . '[' Expr ']'  (48)
	Expr : Expr . '+' Expr  (53)
	Expr : Expr . '-' Expr  (54)
	Expr : Expr . '*' Expr  (55)
	Expr : Expr . '/' Expr  (56)
	Expr : Expr . '%' Expr  (57)
	Expr : Expr . EQUAL Expr  (58)
	Expr : Expr . NOT_EQUAL Expr  (59)
	Expr : Expr . '<' Expr  (60)
	Expr : Expr . '>' Expr  (61)
	Expr : Expr . LESS_EQUAL Expr  (62)
	Expr : Expr . GREATER_EQUAL Expr  (63)
	Expr : Expr . AND Expr  (64)
	Expr : Expr . OR Expr  (65)
	Expr : ADDONE Expr .  (68)
	Expr : Expr . ADDONE  (69)
	Expr : Expr . SUBONE  (71)
	Expr : Expr . '?' Expr ':' Expr  (73)

	'.'  shift 123
	';'  shift 149
	'['  shift 124
	AND  reduce 68
	OR  reduce 68
	LESS_EQUAL  reduce 68
	GREATER_EQUAL  reduce 68
	EQUAL  reduce 68
	NOT_EQUAL  reduce 68
	'+'  reduce 68
	'-'  reduce 68
	'*'  reduce 68
	'/'  reduce 68
	'%'  reduce 68
	'>'  reduce 68
	'<'  reduce 68
	'?'  reduce 68


state 105
	Stmt : SUBONE Expr . ';'  (40)
	Receiver : Expr . '.'  (45)
	LValue : Expr . '[' Expr ']'  (48)
	Expr : Expr . '+' Expr  (53)
	Expr : Expr . '-' Expr  (54)
	Expr : Expr . '*' Expr  (55)
	Expr : Expr . '/' Expr  (56)
	Expr : Expr . '%' Expr  (57)
	Expr : Expr . EQUAL Expr  (58)
	Expr : Expr . NOT_EQUAL Expr  (59)
	Expr : Expr . '<' Expr  (60)
	Expr : Expr . '>' Expr  (61)
	Expr : Expr . LESS_EQUAL Expr  (62)
	Expr : Expr . GREATER_EQUAL Expr  (63)
	Expr : Expr . AND Expr  (64)
	Expr : Expr . OR Expr  (65)
	Expr : Expr . ADDONE  (69)
	Expr : SUBONE Expr .  (70)
	Expr : Expr . SUBONE  (71)
	Expr : Expr . '?' Expr ':' Expr  (73)

	'.'  shift 123
	';'  shift 150
	'['  shift 124
	AND  reduce 70
	OR  reduce 70
	LESS_EQUAL  reduce 70
	GREATER_EQUAL  reduce 70
	EQUAL  reduce 70
	NOT_EQUAL  reduce 70
	'+'  reduce 70
	'-'  reduce 70
	'*'  reduce 70
	'/'  reduce 70
	'%'  reduce 70
	'>'  reduce 70
	'<'  reduce 70
	'?'  reduce 70


state 106
	Stmt : SimpleStmt ';' .  (28)

	.  reduce 28


state 107
	Stmt : ReturnStmt ';' .  (34)

	.  reduce 34


state 108
	Stmt : PrintStmt ';' .  (35)

	.  reduce 35


state 109
	Stmt : BreakStmt ';' .  (36)

	.  reduce 36


state 110
	Expr : Expr AND . Expr  (64)
	Receiver : .  (46)

	NULL  shift 46
	THIS  shift 47
	NEW  shift 55
	READ_INTEGER  shift 57
	READ_LINE  shift 58
	LITERAL  shift 59
	INSTANCEOF  shift 60
	'-'  shift 61
	'!'  shift 62
	'('  shift 63
	ADDONE  shift 89
	SUBONE  shift 90
	IDENTIFIER  reduce 46

	Expr  goto 151
	LValue  goto 92
	Call  goto 93
	Receiver  goto 82
	Constant  goto 83


state 111
	Expr : Expr OR . Expr  (65)
	Receiver : .  (46)

	NULL  shift 46
	THIS  shift 47
	NEW  shift 55
	READ_INTEGER  shift 57
	READ_LINE  shift 58
	LITERAL  shift 59
	INSTANCEOF  shift 60
	'-'  shift 61
	'!'  shift 62
	'('  shift 63
	ADDONE  shift 89
	SUBONE  shift 90
	IDENTIFIER  reduce 46

	Expr  goto 152
	LValue  goto 92
	Call  goto 93
	Receiver  goto 82
	Constant  goto 83


state 112
	Expr : Expr LESS_EQUAL . Expr  (62)
	Receiver : .  (46)

	NULL  shift 46
	THIS  shift 47
	NEW  shift 55
	READ_INTEGER  shift 57
	READ_LINE  shift 58
	LITERAL  shift 59
	INSTANCEOF  shift 60
	'-'  shift 61
	'!'  shift 62
	'('  shift 63
	ADDONE  shift 89
	SUBONE  shift 90
	IDENTIFIER  reduce 46

	Expr  goto 153
	LValue  goto 92
	Call  goto 93
	Receiver  goto 82
	Constant  goto 83


state 113
	Expr : Expr GREATER_EQUAL . Expr  (63)
	Receiver : .  (46)

	NULL  shift 46
	THIS  shift 47
	NEW  shift 55
	READ_INTEGER  shift 57
	READ_LINE  shift 58
	LITERAL  shift 59
	INSTANCEOF  shift 60
	'-'  shift 61
	'!'  shift 62
	'('  shift 63
	ADDONE  shift 89
	SUBONE  shift 90
	IDENTIFIER  reduce 46

	Expr  goto 154
	LValue  goto 92
	Call  goto 93
	Receiver  goto 82
	Constant  goto 83


state 114
	Expr : Expr EQUAL . Expr  (58)
	Receiver : .  (46)

	NULL  shift 46
	THIS  shift 47
	NEW  shift 55
	READ_INTEGER  shift 57
	READ_LINE  shift 58
	LITERAL  shift 59
	INSTANCEOF  shift 60
	'-'  shift 61
	'!'  shift 62
	'('  shift 63
	ADDONE  shift 89
	SUBONE  shift 90
	IDENTIFIER  reduce 46

	Expr  goto 155
	LValue  goto 92
	Call  goto 93
	Receiver  goto 82
	Constant  goto 83


state 115
	Expr : Expr NOT_EQUAL . Expr  (59)
	Receiver : .  (46)

	NULL  shift 46
	THIS  shift 47
	NEW  shift 55
	READ_INTEGER  shift 57
	READ_LINE  shift 58
	LITERAL  shift 59
	INSTANCEOF  shift 60
	'-'  shift 61
	'!'  shift 62
	'('  shift 63
	ADDONE  shift 89
	SUBONE  shift 90
	IDENTIFIER  reduce 46

	Expr  goto 156
	LValue  goto 92
	Call  goto 93
	Receiver  goto 82
	Constant  goto 83


state 116
	Expr : Expr '+' . Expr  (53)
	Receiver : .  (46)

	NULL  shift 46
	THIS  shift 47
	NEW  shift 55
	READ_INTEGER  shift 57
	READ_LINE  shift 58
	LITERAL  shift 59
	INSTANCEOF  shift 60
	'-'  shift 61
	'!'  shift 62
	'('  shift 63
	ADDONE  shift 89
	SUBONE  shift 90
	IDENTIFIER  reduce 46

	Expr  goto 157
	LValue  goto 92
	Call  goto 93
	Receiver  goto 82
	Constant  goto 83


state 117
	Expr : Expr '-' . Expr  (54)
	Receiver : .  (46)

	NULL  shift 46
	THIS  shift 47
	NEW  shift 55
	READ_INTEGER  shift 57
	READ_LINE  shift 58
	LITERAL  shift 59
	INSTANCEOF  shift 60
	'-'  shift 61
	'!'  shift 62
	'('  shift 63
	ADDONE  shift 89
	SUBONE  shift 90
	IDENTIFIER  reduce 46

	Expr  goto 158
	LValue  goto 92
	Call  goto 93
	Receiver  goto 82
	Constant  goto 83


state 118
	Expr : Expr '*' . Expr  (55)
	Receiver : .  (46)

	NULL  shift 46
	THIS  shift 47
	NEW  shift 55
	READ_INTEGER  shift 57
	READ_LINE  shift 58
	LITERAL  shift 59
	INSTANCEOF  shift 60
	'-'  shift 61
	'!'  shift 62
	'('  shift 63
	ADDONE  shift 89
	SUBONE  shift 90
	IDENTIFIER  reduce 46

	Expr  goto 159
	LValue  goto 92
	Call  goto 93
	Receiver  goto 82
	Constant  goto 83


state 119
	Expr : Expr '/' . Expr  (56)
	Receiver : .  (46)

	NULL  shift 46
	THIS  shift 47
	NEW  shift 55
	READ_INTEGER  shift 57
	READ_LINE  shift 58
	LITERAL  shift 59
	INSTANCEOF  shift 60
	'-'  shift 61
	'!'  shift 62
	'('  shift 63
	ADDONE  shift 89
	SUBONE  shift 90
	IDENTIFIER  reduce 46

	Expr  goto 160
	LValue  goto 92
	Call  goto 93
	Receiver  goto 82
	Constant  goto 83


state 120
	Expr : Expr '%' . Expr  (57)
	Receiver : .  (46)

	NULL  shift 46
	THIS  shift 47
	NEW  shift 55
	READ_INTEGER  shift 57
	READ_LINE  shift 58
	LITERAL  shift 59
	INSTANCEOF  shift 60
	'-'  shift 61
	'!'  shift 62
	'('  shift 63
	ADDONE  shift 89
	SUBONE  shift 90
	IDENTIFIER  reduce 46

	Expr  goto 161
	LValue  goto 92
	Call  goto 93
	Receiver  goto 82
	Constant  goto 83


state 121
	Expr : Expr '>' . Expr  (61)
	Receiver : .  (46)

	NULL  shift 46
	THIS  shift 47
	NEW  shift 55
	READ_INTEGER  shift 57
	READ_LINE  shift 58
	LITERAL  shift 59
	INSTANCEOF  shift 60
	'-'  shift 61
	'!'  shift 62
	'('  shift 63
	ADDONE  shift 89
	SUBONE  shift 90
	IDENTIFIER  reduce 46

	Expr  goto 162
	LValue  goto 92
	Call  goto 93
	Receiver  goto 82
	Constant  goto 83


state 122
	Expr : Expr '<' . Expr  (60)
	Receiver : .  (46)

	NULL  shift 46
	THIS  shift 47
	NEW  shift 55
	READ_INTEGER  shift 57
	READ_LINE  shift 58
	LITERAL  shift 59
	INSTANCEOF  shift 60
	'-'  shift 61
	'!'  shift 62
	'('  shift 63
	ADDONE  shift 89
	SUBONE  shift 90
	IDENTIFIER  reduce 46

	Expr  goto 163
	LValue  goto 92
	Call  goto 93
	Receiver  goto 82
	Constant  goto 83


state 123
	Receiver : Expr '.' .  (45)

	.  reduce 45


state 124
	LValue : Expr '[' . Expr ']'  (48)
	Receiver : .  (46)

	NULL  shift 46
	THIS  shift 47
	NEW  shift 55
	READ_INTEGER  shift 57
	READ_LINE  shift 58
	LITERAL  shift 59
	INSTANCEOF  shift 60
	'-'  shift 61
	'!'  shift 62
	'('  shift 63
	ADDONE  shift 89
	SUBONE  shift 90
	IDENTIFIER  reduce 46

	Expr  goto 164
	LValue  goto 92
	Call  goto 93
	Receiver  goto 82
	Constant  goto 83


state 125
	Expr : Expr '?' . Expr ':' Expr  (73)
	Receiver : .  (46)

	NULL  shift 46
	THIS  shift 47
	NEW  shift 55
	READ_INTEGER  shift 57
	READ_LINE  shift 58
	LITERAL  shift 59
	INSTANCEOF  shift 60
	'-'  shift 61
	'!'  shift 62
	'('  shift 63
	ADDONE  shift 89
	SUBONE  shift 90
	IDENTIFIER  reduce 46

	Expr  goto 165
	LValue  goto 92
	Call  goto 93
	Receiver  goto 82
	Constant  goto 83


state 126
	Stmt : Expr ADDONE . ';'  (39)
	Expr : Expr ADDONE .  (69)

	';'  shift 166
	AND  reduce 69
	OR  reduce 69
	LESS_EQUAL  reduce 69
	GREATER_EQUAL  reduce 69
	EQUAL  reduce 69
	NOT_EQUAL  reduce 69
	'+'  reduce 69
	'-'  reduce 69
	'*'  reduce 69
	'/'  reduce 69
	'%'  reduce 69
	'>'  reduce 69
	'<'  reduce 69
	'.'  reduce 69
	'['  reduce 69
	'?'  reduce 69
	ADDONE  reduce 69
	SUBONE  reduce 69


state 127
	Stmt : Expr SUBONE . ';'  (41)
	Expr : Expr SUBONE .  (71)

	';'  shift 167
	AND  reduce 71
	OR  reduce 71
	LESS_EQUAL  reduce 71
	GREATER_EQUAL  reduce 71
	EQUAL  reduce 71
	NOT_EQUAL  reduce 71
	'+'  reduce 71
	'-'  reduce 71
	'*'  reduce 71
	'/'  reduce 71
	'%'  reduce 71
	'>'  reduce 71
	'<'  reduce 71
	'.'  reduce 71
	'['  reduce 71
	'?'  reduce 71
	ADDONE  reduce 71
	SUBONE  reduce 71


state 128
	SimpleStmt : LValue '=' . Expr  (42)
	Receiver : .  (46)

	NULL  shift 46
	THIS  shift 47
	NEW  shift 55
	READ_INTEGER  shift 57
	READ_LINE  shift 58
	LITERAL  shift 59
	INSTANCEOF  shift 60
	'-'  shift 61
	'!'  shift 62
	'('  shift 63
	ADDONE  shift 89
	SUBONE  shift 90
	IDENTIFIER  reduce 46

	Expr  goto 168
	LValue  goto 92
	Call  goto 93
	Receiver  goto 82
	Constant  goto 83


129: shift/reduce conflict (shift 169, reduce 47) on '('
state 129
	LValue : Receiver IDENTIFIER .  (47)
	Call : Receiver IDENTIFIER . '(' Actuals ')'  (49)

	'('  shift 169
	VOID  reduce 47
	BOOL  reduce 47
	INT  reduce 47
	STRING  reduce 47
	CLASS  reduce 47
	NULL  reduce 47
	THIS  reduce 47
	WHILE  reduce 47
	FOR  reduce 47
	REPEAT  reduce 47
	UNTIL  reduce 47
	IF  reduce 47
	ELSE  reduce 47
	SWITCH  reduce 47
	CASE  reduce 47
	DEFAULT  reduce 47
	RETURN  reduce 47
	BREAK  reduce 47
	NEW  reduce 47
	PRINT  reduce 47
	READ_INTEGER  reduce 47
	READ_LINE  reduce 47
	LITERAL  reduce 47
	IDENTIFIER  reduce 47
	AND  reduce 47
	OR  reduce 47
	INSTANCEOF  reduce 47
	LESS_EQUAL  reduce 47
	GREATER_EQUAL  reduce 47
	EQUAL  reduce 47
	NOT_EQUAL  reduce 47
	'+'  reduce 47
	'-'  reduce 47
	'*'  reduce 47
	'/'  reduce 47
	'%'  reduce 47
	'='  reduce 47
	'>'  reduce 47
	'<'  reduce 47
	'.'  reduce 47
	','  reduce 47
	';'  reduce 47
	'!'  reduce 47
	')'  reduce 47
	'['  reduce 47
	']'  reduce 47
	'{'  reduce 47
	'}'  reduce 47
	'?'  reduce 47
	':'  reduce 47
	ADDONE  reduce 47
	SUBONE  reduce 47


state 130
	Receiver : Expr . '.'  (45)
	LValue : Expr . '[' Expr ']'  (48)
	Expr : Expr . '+' Expr  (53)
	Expr : Expr . '-' Expr  (54)
	Expr : Expr . '*' Expr  (55)
	Expr : Expr . '/' Expr  (56)
	Expr : Expr . '%' Expr  (57)
	Expr : Expr . EQUAL Expr  (58)
	Expr : Expr . NOT_EQUAL Expr  (59)
	Expr : Expr . '<' Expr  (60)
	Expr : Expr . '>' Expr  (61)
	Expr : Expr . LESS_EQUAL Expr  (62)
	Expr : Expr . GREATER_EQUAL Expr  (63)
	Expr : Expr . AND Expr  (64)
	Expr : Expr . OR Expr  (65)
	Expr : Expr . ADDONE  (69)
	Expr : Expr . SUBONE  (71)
	Expr : Expr . '?' Expr ':' Expr  (73)
	WhileStmt : WHILE '(' Expr . ')' Stmt  (87)

	AND  shift 110
	OR  shift 111
	LESS_EQUAL  shift 112
	GREATER_EQUAL  shift 113
	EQUAL  shift 114
	NOT_EQUAL  shift 115
	'+'  shift 116
	'-'  shift 117
	'*'  shift 118
	'/'  shift 119
	'%'  shift 120
	'>'  shift 121
	'<'  shift 122
	'.'  shift 123
	')'  shift 170
	'['  shift 124
	'?'  shift 125
	ADDONE  shift 138
	SUBONE  shift 139
	.  error


state 131
	ForStmt : FOR '(' SimpleStmt . ';' Expr ';' SimpleStmt ')' Stmt  (88)

	';'  shift 171
	.  error


state 132
	Receiver : Expr . '.'  (45)
	LValue : Expr . '[' Expr ']'  (48)
	Expr : Expr . '+' Expr  (53)
	Expr : Expr . '-' Expr  (54)
	Expr : Expr . '*' Expr  (55)
	Expr : Expr . '/' Expr  (56)
	Expr : Expr . '%' Expr  (57)
	Expr : Expr . EQUAL Expr  (58)
	Expr : Expr . NOT_EQUAL Expr  (59)
	Expr : Expr . '<' Expr  (60)
	Expr : Expr . '>' Expr  (61)
	Expr : Expr . LESS_EQUAL Expr  (62)
	Expr : Expr . GREATER_EQUAL Expr  (63)
	Expr : Expr . AND Expr  (64)
	Expr : Expr . OR Expr  (65)
	Expr : Expr . ADDONE  (69)
	Expr : Expr . SUBONE  (71)
	Expr : Expr . '?' Expr ':' Expr  (73)

	AND  shift 110
	OR  shift 111
	LESS_EQUAL  shift 112
	GREATER_EQUAL  shift 113
	EQUAL  shift 114
	NOT_EQUAL  shift 115
	'+'  shift 116
	'-'  shift 117
	'*'  shift 118
	'/'  shift 119
	'%'  shift 120
	'>'  shift 121
	'<'  shift 122
	'.'  shift 123
	'['  shift 124
	'?'  shift 125
	ADDONE  shift 138
	SUBONE  shift 139
	.  error


state 133
	RepeatUntil : REPEAT Stmt UNTIL . Expr  (89)
	Receiver : .  (46)

	NULL  shift 46
	THIS  shift 47
	NEW  shift 55
	READ_INTEGER  shift 57
	READ_LINE  shift 58
	LITERAL  shift 59
	INSTANCEOF  shift 60
	'-'  shift 61
	'!'  shift 62
	'('  shift 63
	ADDONE  shift 89
	SUBONE  shift 90
	IDENTIFIER  reduce 46

	Expr  goto 172
	LValue  goto 92
	Call  goto 93
	Receiver  goto 82
	Constant  goto 83


state 134
	Receiver : Expr . '.'  (45)
	LValue : Expr . '[' Expr ']'  (48)
	Expr : Expr . '+' Expr  (53)
	Expr : Expr . '-' Expr  (54)
	Expr : Expr . '*' Expr  (55)
	Expr : Expr . '/' Expr  (56)
	Expr : Expr . '%' Expr  (57)
	Expr : Expr . EQUAL Expr  (58)
	Expr : Expr . NOT_EQUAL Expr  (59)
	Expr : Expr . '<' Expr  (60)
	Expr : Expr . '>' Expr  (61)
	Expr : Expr . LESS_EQUAL Expr  (62)
	Expr : Expr . GREATER_EQUAL Expr  (63)
	Expr : Expr . AND Expr  (64)
	Expr : Expr . OR Expr  (65)
	Expr : Expr . ADDONE  (69)
	Expr : Expr . SUBONE  (71)
	Expr : Expr . '?' Expr ':' Expr  (73)
	IfStmt : IF '(' Expr . ')' Stmt ElseClause  (91)

	AND  shift 110
	OR  shift 111
	LESS_EQUAL  shift 112
	GREATER_EQUAL  shift 113
	EQUAL  shift 114
	NOT_EQUAL  shift 115
	'+'  shift 116
	'-'  shift 117
	'*'  shift 118
	'/'  shift 119
	'%'  shift 120
	'>'  shift 121
	'<'  shift 122
	'.'  shift 123
	')'  shift 173
	'['  shift 124
	'?'  shift 125
	ADDONE  shift 138
	SUBONE  shift 139
	.  error


state 135
	Receiver : Expr . '.'  (45)
	LValue : Expr . '[' Expr ']'  (48)
	Expr : Expr . '+' Expr  (53)
	Expr : Expr . '-' Expr  (54)
	Expr : Expr . '*' Expr  (55)
	Expr : Expr . '/' Expr  (56)
	Expr : Expr . '%' Expr  (57)
	Expr : Expr . EQUAL Expr  (58)
	Expr : Expr . NOT_EQUAL Expr  (59)
	Expr : Expr . '<' Expr  (60)
	Expr : Expr . '>' Expr  (61)
	Expr : Expr . LESS_EQUAL Expr  (62)
	Expr : Expr . GREATER_EQUAL Expr  (63)
	Expr : Expr . AND Expr  (64)
	Expr : Expr . OR Expr  (65)
	Expr : Expr . ADDONE  (69)
	Expr : Expr . SUBONE  (71)
	Expr : Expr . '?' Expr ':' Expr  (73)
	SwitchStmt : SWITCH '(' Expr . ')' '{' SwitchBlock '}'  (94)

	AND  shift 110
	OR  shift 111
	LESS_EQUAL  shift 112
	GREATER_EQUAL  shift 113
	EQUAL  shift 114
	NOT_EQUAL  shift 115
	'+'  shift 116
	'-'  shift 117
	'*'  shift 118
	'/'  shift 119
	'%'  shift 120
	'>'  shift 121
	'<'  shift 122
	'.'  shift 123
	')'  shift 174
	'['  shift 124
	'?'  shift 125
	ADDONE  shift 138
	SUBONE  shift 139
	.  error


state 136
	Receiver : Expr . '.'  (45)
	LValue : Expr . '[' Expr ']'  (48)
	Expr : Expr . '+' Expr  (53)
	Expr : Expr . '-' Expr  (54)
	Expr : Expr . '*' Expr  (55)
	Expr : Expr . '/' Expr  (56)
	Expr : Expr . '%' Expr  (57)
	Expr : Expr . EQUAL Expr  (58)
	Expr : Expr . NOT_EQUAL Expr  (59)
	Expr : Expr . '<' Expr  (60)
	Expr : Expr . '>' Expr  (61)
	Expr : Expr . LESS_EQUAL Expr  (62)
	Expr : Expr . GREATER_EQUAL Expr  (63)
	Expr : Expr . AND Expr  (64)
	Expr : Expr . OR Expr  (65)
	Expr : ADDONE Expr .  (68)
	Expr : Expr . ADDONE  (69)
	Expr : Expr . SUBONE  (71)
	Expr : Expr . '?' Expr ':' Expr  (73)

	'.'  shift 123
	'['  shift 124
	VOID  reduce 68
	BOOL  reduce 68
	INT  reduce 68
	STRING  reduce 68
	CLASS  reduce 68
	NULL  reduce 68
	THIS  reduce 68
	WHILE  reduce 68
	FOR  reduce 68
	REPEAT  reduce 68
	UNTIL  reduce 68
	IF  reduce 68
	ELSE  reduce 68
	SWITCH  reduce 68
	CASE  reduce 68
	DEFAULT  reduce 68
	RETURN  reduce 68
	BREAK  reduce 68
	NEW  reduce 68
	PRINT  reduce 68
	READ_INTEGER  reduce 68
	READ_LINE  reduce 68
	LITERAL  reduce 68
	IDENTIFIER  reduce 68
	AND  reduce 68
	OR  reduce 68
	INSTANCEOF  reduce 68
	LESS_EQUAL  reduce 68
	GREATER_EQUAL  reduce 68
	EQUAL  reduce 68
	NOT_EQUAL  reduce 68
	'+'  reduce 68
	'-'  reduce 68
	'*'  reduce 68
	'/'  reduce 68
	'%'  reduce 68
	'>'  reduce 68
	'<'  reduce 68
	','  reduce 68
	';'  reduce 68
	'!'  reduce 68
	'('  reduce 68
	')'  reduce 68
	']'  reduce 68
	'{'  reduce 68
	'}'  reduce 68
	'?'  reduce 68
	':'  reduce 68


state 137
	Receiver : Expr . '.'  (45)
	LValue : Expr . '[' Expr ']'  (48)
	Expr : Expr . '+' Expr  (53)
	Expr : Expr . '-' Expr  (54)
	Expr : Expr . '*' Expr  (55)
	Expr : Expr . '/' Expr  (56)
	Expr : Expr . '%' Expr  (57)
	Expr : Expr . EQUAL Expr  (58)
	Expr : Expr . NOT_EQUAL Expr  (59)
	Expr : Expr . '<' Expr  (60)
	Expr : Expr . '>' Expr  (61)
	Expr : Expr . LESS_EQUAL Expr  (62)
	Expr : Expr . GREATER_EQUAL Expr  (63)
	Expr : Expr . AND Expr  (64)
	Expr : Expr . OR Expr  (65)
	Expr : Expr . ADDONE  (69)
	Expr : SUBONE Expr .  (70)
	Expr : Expr . SUBONE  (71)
	Expr : Expr . '?' Expr ':' Expr  (73)

	'.'  shift 123
	'['  shift 124
	VOID  reduce 70
	BOOL  reduce 70
	INT  reduce 70
	STRING  reduce 70
	CLASS  reduce 70
	NULL  reduce 70
	THIS  reduce 70
	WHILE  reduce 70
	FOR  reduce 70
	REPEAT  reduce 70
	UNTIL  reduce 70
	IF  reduce 70
	ELSE  reduce 70
	SWITCH  reduce 70
	CASE  reduce 70
	DEFAULT  reduce 70
	RETURN  reduce 70
	BREAK  reduce 70
	NEW  reduce 70
	PRINT  reduce 70
	READ_INTEGER  reduce 70
	READ_LINE  reduce 70
	LITERAL  reduce 70
	IDENTIFIER  reduce 70
	AND  reduce 70
	OR  reduce 70
	INSTANCEOF  reduce 70
	LESS_EQUAL  reduce 70
	GREATER_EQUAL  reduce 70
	EQUAL  reduce 70
	NOT_EQUAL  reduce 70
	'+'  reduce 70
	'-'  reduce 70
	'*'  reduce 70
	'/'  reduce 70
	'%'  reduce 70
	'>'  reduce 70
	'<'  reduce 70
	','  reduce 70
	';'  reduce 70
	'!'  reduce 70
	'('  reduce 70
	')'  reduce 70
	']'  reduce 70
	'{'  reduce 70
	'}'  reduce 70
	'?'  reduce 70
	':'  reduce 70


state 138
	Expr : Expr ADDONE .  (69)

	.  reduce 69


state 139
	Expr : Expr SUBONE .  (71)

	.  reduce 71


state 140
	Expr : NEW IDENTIFIER '(' . ')'  (77)

	')'  shift 175
	.  error


state 141
	Type : Type '[' . ']'  (11)
	Expr : NEW Type '[' . Expr ']'  (78)
	Receiver : .  (46)

	NULL  shift 46
	THIS  shift 47
	NEW  shift 55
	READ_INTEGER  shift 57
	READ_LINE  shift 58
	LITERAL  shift 59
	INSTANCEOF  shift 60
	'-'  shift 61
	'!'  shift 62
	'('  shift 63
	']'  shift 30
	ADDONE  shift 89
	SUBONE  shift 90
	IDENTIFIER  reduce 46

	Expr  goto 176
	LValue  goto 92
	Call  goto 93
	Receiver  goto 82
	Constant  goto 83


state 142
	Receiver : Expr . '.'  (45)
	LValue : Expr . '[' Expr ']'  (48)
	Expr : Expr . '+' Expr  (53)
	Expr : Expr . '-' Expr  (54)
	Expr : Expr . '*' Expr  (55)
	Expr : Expr . '/' Expr  (56)
	Expr : Expr . '%' Expr  (57)
	Expr : Expr . EQUAL Expr  (58)
	Expr : Expr . NOT_EQUAL Expr  (59)
	Expr : Expr . '<' Expr  (60)
	Expr : Expr . '>' Expr  (61)
	Expr : Expr . LESS_EQUAL Expr  (62)
	Expr : Expr . GREATER_EQUAL Expr  (63)
	Expr : Expr . AND Expr  (64)
	Expr : Expr . OR Expr  (65)
	Expr : Expr . ADDONE  (69)
	Expr : Expr . SUBONE  (71)
	Expr : Expr . '?' Expr ':' Expr  (73)
	ExprList : Expr .  (86)

	AND  shift 110
	OR  shift 111
	LESS_EQUAL  shift 112
	GREATER_EQUAL  shift 113
	EQUAL  shift 114
	NOT_EQUAL  shift 115
	'+'  shift 116
	'-'  shift 117
	'*'  shift 118
	'/'  shift 119
	'%'  shift 120
	'>'  shift 121
	'<'  shift 122
	'.'  shift 123
	'['  shift 124
	'?'  shift 125
	ADDONE  shift 138
	SUBONE  shift 139
	','  reduce 86
	')'  reduce 86


state 143
	ExprList : ExprList . ',' Expr  (85)
	PrintStmt : PRINT '(' ExprList . ')'  (102)

	','  shift 177
	')'  shift 178
	.  error


state 144
	Expr : READ_INTEGER '(' ')' .  (74)

	.  reduce 74


state 145
	Expr : READ_LINE '(' ')' .  (75)

	.  reduce 75


state 146
	Receiver : Expr . '.'  (45)
	LValue : Expr . '[' Expr ']'  (48)
	Expr : Expr . '+' Expr  (53)
	Expr : Expr . '-' Expr  (54)
	Expr : Expr . '*' Expr  (55)
	Expr : Expr . '/' Expr  (56)
	Expr : Expr . '%' Expr  (57)
	Expr : Expr . EQUAL Expr  (58)
	Expr : Expr . NOT_EQUAL Expr  (59)
	Expr : Expr . '<' Expr  (60)
	Expr : Expr . '>' Expr  (61)
	Expr : Expr . LESS_EQUAL Expr  (62)
	Expr : Expr . GREATER_EQUAL Expr  (63)
	Expr : Expr . AND Expr  (64)
	Expr : Expr . OR Expr  (65)
	Expr : Expr . ADDONE  (69)
	Expr : Expr . SUBONE  (71)
	Expr : Expr . '?' Expr ':' Expr  (73)
	Expr : INSTANCEOF '(' Expr . ',' IDENTIFIER ')'  (79)

	AND  shift 110
	OR  shift 111
	LESS_EQUAL  shift 112
	GREATER_EQUAL  shift 113
	EQUAL  shift 114
	NOT_EQUAL  shift 115
	'+'  shift 116
	'-'  shift 117
	'*'  shift 118
	'/'  shift 119
	'%'  shift 120
	'>'  shift 121
	'<'  shift 122
	'.'  shift 123
	','  shift 179
	'['  shift 124
	'?'  shift 125
	ADDONE  shift 138
	SUBONE  shift 139
	.  error


state 147
	Expr : '(' CLASS IDENTIFIER . ')' Expr  (80)

	')'  shift 180
	.  error


state 148
	Expr : '(' Expr ')' .  (66)

	.  reduce 66


state 149
	Stmt : ADDONE Expr ';' .  (38)

	.  reduce 38


state 150
	Stmt : SUBONE Expr ';' .  (40)

	.  reduce 40


state 151
	Receiver : Expr . '.'  (45)
	LValue : Expr . '[' Expr ']'  (48)
	Expr : Expr . '+' Expr  (53)
	Expr : Expr . '-' Expr  (54)
	Expr : Expr . '*' Expr  (55)
	Expr : Expr . '/' Expr  (56)
	Expr : Expr . '%' Expr  (57)
	Expr : Expr . EQUAL Expr  (58)
	Expr : Expr . NOT_EQUAL Expr  (59)
	Expr : Expr . '<' Expr  (60)
	Expr : Expr . '>' Expr  (61)
	Expr : Expr . LESS_EQUAL Expr  (62)
	Expr : Expr . GREATER_EQUAL Expr  (63)
	Expr : Expr . AND Expr  (64)
	Expr : Expr AND Expr .  (64)
	Expr : Expr . OR Expr  (65)
	Expr : Expr . ADDONE  (69)
	Expr : Expr . SUBONE  (71)
	Expr : Expr . '?' Expr ':' Expr  (73)

	LESS_EQUAL  shift 112
	GREATER_EQUAL  shift 113
	EQUAL  shift 114
	NOT_EQUAL  shift 115
	'+'  shift 116
	'-'  shift 117
	'*'  shift 118
	'/'  shift 119
	'%'  shift 120
	'>'  shift 121
	'<'  shift 122
	'.'  shift 123
	'['  shift 124
	ADDONE  shift 138
	SUBONE  shift 139
	VOID  reduce 64
	BOOL  reduce 64
	INT  reduce 64
	STRING  reduce 64
	CLASS  reduce 64
	NULL  reduce 64
	THIS  reduce 64
	WHILE  reduce 64
	FOR  reduce 64
	REPEAT  reduce 64
	UNTIL  reduce 64
	IF  reduce 64
	ELSE  reduce 64
	SWITCH  reduce 64
	CASE  reduce 64
	DEFAULT  reduce 64
	RETURN  reduce 64
	BREAK  reduce 64
	NEW  reduce 64
	PRINT  reduce 64
	READ_INTEGER  reduce 64
	READ_LINE  reduce 64
	LITERAL  reduce 64
	IDENTIFIER  reduce 64
	AND  reduce 64
	OR  reduce 64
	INSTANCEOF  reduce 64
	','  reduce 64
	';'  reduce 64
	'!'  reduce 64
	'('  reduce 64
	')'  reduce 64
	']'  reduce 64
	'{'  reduce 64
	'}'  reduce 64
	'?'  reduce 64
	':'  reduce 64


state 152
	Receiver : Expr . '.'  (45)
	LValue : Expr . '[' Expr ']'  (48)
	Expr : Expr . '+' Expr  (53)
	Expr : Expr . '-' Expr  (54)
	Expr : Expr . '*' Expr  (55)
	Expr : Expr . '/' Expr  (56)
	Expr : Expr . '%' Expr  (57)
	Expr : Expr . EQUAL Expr  (58)
	Expr : Expr . NOT_EQUAL Expr  (59)
	Expr : Expr . '<' Expr  (60)
	Expr : Expr . '>' Expr  (61)
	Expr : Expr . LESS_EQUAL Expr  (62)
	Expr : Expr . GREATER_EQUAL Expr  (63)
	Expr : Expr . AND Expr  (64)
	Expr : Expr . OR Expr  (65)
	Expr : Expr OR Expr .  (65)
	Expr : Expr . ADDONE  (69)
	Expr : Expr . SUBONE  (71)
	Expr : Expr . '?' Expr ':' Expr  (73)

	AND  shift 110
	LESS_EQUAL  shift 112
	GREATER_EQUAL  shift 113
	EQUAL  shift 114
	NOT_EQUAL  shift 115
	'+'  shift 116
	'-'  shift 117
	'*'  shift 118
	'/'  shift 119
	'%'  shift 120
	'>'  shift 121
	'<'  shift 122
	'.'  shift 123
	'['  shift 124
	ADDONE  shift 138
	SUBONE  shift 139
	VOID  reduce 65
	BOOL  reduce 65
	INT  reduce 65
	STRING  reduce 65
	CLASS  reduce 65
	NULL  reduce 65
	THIS  reduce 65
	WHILE  reduce 65
	FOR  reduce 65
	REPEAT  reduce 65
	UNTIL  reduce 65
	IF  reduce 65
	ELSE  reduce 65
	SWITCH  reduce 65
	CASE  reduce 65
	DEFAULT  reduce 65
	RETURN  reduce 65
	BREAK  reduce 65
	NEW  reduce 65
	PRINT  reduce 65
	READ_INTEGER  reduce 65
	READ_LINE  reduce 65
	LITERAL  reduce 65
	IDENTIFIER  reduce 65
	OR  reduce 65
	INSTANCEOF  reduce 65
	','  reduce 65
	';'  reduce 65
	'!'  reduce 65
	'('  reduce 65
	')'  reduce 65
	']'  reduce 65
	'{'  reduce 65
	'}'  reduce 65
	'?'  reduce 65
	':'  reduce 65


state 153
	Receiver : Expr . '.'  (45)
	LValue : Expr . '[' Expr ']'  (48)
	Expr : Expr . '+' Expr  (53)
	Expr : Expr . '-' Expr  (54)
	Expr : Expr . '*' Expr  (55)
	Expr : Expr . '/' Expr  (56)
	Expr : Expr . '%' Expr  (57)
	Expr : Expr . EQUAL Expr  (58)
	Expr : Expr . NOT_EQUAL Expr  (59)
	Expr : Expr . '<' Expr  (60)
	Expr : Expr . '>' Expr  (61)
	Expr : Expr . LESS_EQUAL Expr  (62)
	Expr : Expr LESS_EQUAL Expr .  (62)
	Expr : Expr . GREATER_EQUAL Expr  (63)
	Expr : Expr . AND Expr  (64)
	Expr : Expr . OR Expr  (65)
	Expr : Expr . ADDONE  (69)
	Expr : Expr . SUBONE  (71)
	Expr : Expr . '?' Expr ':' Expr  (73)

	'+'  shift 116
	'-'  shift 117
	'*'  shift 118
	'/'  shift 119
	'%'  shift 120
	'.'  shift 123
	'['  shift 124
	ADDONE  shift 138
	SUBONE  shift 139
	VOID  reduce 62
	BOOL  reduce 62
	INT  reduce 62
	STRING  reduce 62
	CLASS  reduce 62
	NULL  reduce 62
	THIS  reduce 62
	WHILE  reduce 62
	FOR  reduce 62
	REPEAT  reduce 62
	UNTIL  reduce 62
	IF  reduce 62
	ELSE  reduce 62
	SWITCH  reduce 62
	CASE  reduce 62
	DEFAULT  reduce 62
	RETURN  reduce 62
	BREAK  reduce 62
	NEW  reduce 62
	PRINT  reduce 62
	READ_INTEGER  reduce 62
	READ_LINE  reduce 62
	LITERAL  reduce 62
	IDENTIFIER  reduce 62
	AND  reduce 62
	OR  reduce 62
	INSTANCEOF  reduce 62
	EQUAL  reduce 62
	NOT_EQUAL  reduce 62
	','  reduce 62
	';'  reduce 62
	'!'  reduce 62
	'('  reduce 62
	')'  reduce 62
	']'  reduce 62
	'{'  reduce 62
	'}'  reduce 62
	'?'  reduce 62
	':'  reduce 62


state 154
	Receiver : Expr . '.'  (45)
	LValue : Expr . '[' Expr ']'  (48)
	Expr : Expr . '+' Expr  (53)
	Expr : Expr . '-' Expr  (54)
	Expr : Expr . '*' Expr  (55)
	Expr : Expr . '/' Expr  (56)
	Expr : Expr . '%' Expr  (57)
	Expr : Expr . EQUAL Expr  (58)
	Expr : Expr . NOT_EQUAL Expr  (59)
	Expr : Expr . '<' Expr  (60)
	Expr : Expr . '>' Expr  (61)
	Expr : Expr . LESS_EQUAL Expr  (62)
	Expr : Expr . GREATER_EQUAL Expr  (63)
	Expr : Expr GREATER_EQUAL Expr .  (63)
	Expr : Expr . AND Expr  (64)
	Expr : Expr . OR Expr  (65)
	Expr : Expr . ADDONE  (69)
	Expr : Expr . SUBONE  (71)
	Expr : Expr . '?' Expr ':' Expr  (73)

	'+'  shift 116
	'-'  shift 117
	'*'  shift 118
	'/'  shift 119
	'%'  shift 120
	'.'  shift 123
	'['  shift 124
	ADDONE  shift 138
	SUBONE  shift 139
	VOID  reduce 63
	BOOL  reduce 63
	INT  reduce 63
	STRING  reduce 63
	CLASS  reduce 63
	NULL  reduce 63
	THIS  reduce 63
	WHILE  reduce 63
	FOR  reduce 63
	REPEAT  reduce 63
	UNTIL  reduce 63
	IF  reduce 63
	ELSE  reduce 63
	SWITCH  reduce 63
	CASE  reduce 63
	DEFAULT  reduce 63
	RETURN  reduce 63
	BREAK  reduce 63
	NEW  reduce 63
	PRINT  reduce 63
	READ_INTEGER  reduce 63
	READ_LINE  reduce 63
	LITERAL  reduce 63
	IDENTIFIER  reduce 63
	AND  reduce 63
	OR  reduce 63
	INSTANCEOF  reduce 63
	EQUAL  reduce 63
	NOT_EQUAL  reduce 63
	','  reduce 63
	';'  reduce 63
	'!'  reduce 63
	'('  reduce 63
	')'  reduce 63
	']'  reduce 63
	'{'  reduce 63
	'}'  reduce 63
	'?'  reduce 63
	':'  reduce 63


state 155
	Receiver : Expr . '.'  (45)
	LValue : Expr . '[' Expr ']'  (48)
	Expr : Expr . '+' Expr  (53)
	Expr : Expr . '-' Expr  (54)
	Expr : Expr . '*' Expr  (55)
	Expr : Expr . '/' Expr  (56)
	Expr : Expr . '%' Expr  (57)
	Expr : Expr . EQUAL Expr  (58)
	Expr : Expr EQUAL Expr .  (58)
	Expr : Expr . NOT_EQUAL Expr  (59)
	Expr : Expr . '<' Expr  (60)
	Expr : Expr . '>' Expr  (61)
	Expr : Expr . LESS_EQUAL Expr  (62)
	Expr : Expr . GREATER_EQUAL Expr  (63)
	Expr : Expr . AND Expr  (64)
	Expr : Expr . OR Expr  (65)
	Expr : Expr . ADDONE  (69)
	Expr : Expr . SUBONE  (71)
	Expr : Expr . '?' Expr ':' Expr  (73)

	LESS_EQUAL  shift 112
	GREATER_EQUAL  shift 113
	'+'  shift 116
	'-'  shift 117
	'*'  shift 118
	'/'  shift 119
	'%'  shift 120
	'>'  shift 121
	'<'  shift 122
	'.'  shift 123
	'['  shift 124
	ADDONE  shift 138
	SUBONE  shift 139
	VOID  reduce 58
	BOOL  reduce 58
	INT  reduce 58
	STRING  reduce 58
	CLASS  reduce 58
	NULL  reduce 58
	THIS  reduce 58
	WHILE  reduce 58
	FOR  reduce 58
	REPEAT  reduce 58
	UNTIL  reduce 58
	IF  reduce 58
	ELSE  reduce 58
	SWITCH  reduce 58
	CASE  reduce 58
	DEFAULT  reduce 58
	RETURN  reduce 58
	BREAK  reduce 58
	NEW  reduce 58
	PRINT  reduce 58
	READ_INTEGER  reduce 58
	READ_LINE  reduce 58
	LITERAL  reduce 58
	IDENTIFIER  reduce 58
	AND  reduce 58
	OR  reduce 58
	INSTANCEOF  reduce 58
	','  reduce 58
	';'  reduce 58
	'!'  reduce 58
	'('  reduce 58
	')'  reduce 58
	']'  reduce 58
	'{'  reduce 58
	'}'  reduce 58
	'?'  reduce 58
	':'  reduce 58


state 156
	Receiver : Expr . '.'  (45)
	LValue : Expr . '[' Expr ']'  (48)
	Expr : Expr . '+' Expr  (53)
	Expr : Expr . '-' Expr  (54)
	Expr : Expr . '*' Expr  (55)
	Expr : Expr . '/' Expr  (56)
	Expr : Expr . '%' Expr  (57)
	Expr : Expr . EQUAL Expr  (58)
	Expr : Expr . NOT_EQUAL Expr  (59)
	Expr : Expr NOT_EQUAL Expr .  (59)
	Expr : Expr . '<' Expr  (60)
	Expr : Expr . '>' Expr  (61)
	Expr : Expr . LESS_EQUAL Expr  (62)
	Expr : Expr . GREATER_EQUAL Expr  (63)
	Expr : Expr . AND Expr  (64)
	Expr : Expr . OR Expr  (65)
	Expr : Expr . ADDONE  (69)
	Expr : Expr . SUBONE  (71)
	Expr : Expr . '?' Expr ':' Expr  (73)

	LESS_EQUAL  shift 112
	GREATER_EQUAL  shift 113
	'+'  shift 116
	'-'  shift 117
	'*'  shift 118
	'/'  shift 119
	'%'  shift 120
	'>'  shift 121
	'<'  shift 122
	'.'  shift 123
	'['  shift 124
	ADDONE  shift 138
	SUBONE  shift 139
	VOID  reduce 59
	BOOL  reduce 59
	INT  reduce 59
	STRING  reduce 59
	CLASS  reduce 59
	NULL  reduce 59
	THIS  reduce 59
	WHILE  reduce 59
	FOR  reduce 59
	REPEAT  reduce 59
	UNTIL  reduce 59
	IF  reduce 59
	ELSE  reduce 59
	SWITCH  reduce 59
	CASE  reduce 59
	DEFAULT  reduce 59
	RETURN  reduce 59
	BREAK  reduce 59
	NEW  reduce 59
	PRINT  reduce 59
	READ_INTEGER  reduce 59
	READ_LINE  reduce 59
	LITERAL  reduce 59
	IDENTIFIER  reduce 59
	AND  reduce 59
	OR  reduce 59
	INSTANCEOF  reduce 59
	','  reduce 59
	';'  reduce 59
	'!'  reduce 59
	'('  reduce 59
	')'  reduce 59
	']'  reduce 59
	'{'  reduce 59
	'}'  reduce 59
	'?'  reduce 59
	':'  reduce 59


state 157
	Receiver : Expr . '.'  (45)
	LValue : Expr . '[' Expr ']'  (48)
	Expr : Expr . '+' Expr  (53)
	Expr : Expr '+' Expr .  (53)
	Expr : Expr . '-' Expr  (54)
	Expr : Expr . '*' Expr  (55)
	Expr : Expr . '/' Expr  (56)
	Expr : Expr . '%' Expr  (57)
	Expr : Expr . EQUAL Expr  (58)
	Expr : Expr . NOT_EQUAL Expr  (59)
	Expr : Expr . '<' Expr  (60)
	Expr : Expr . '>' Expr  (61)
	Expr : Expr . LESS_EQUAL Expr  (62)
	Expr : Expr . GREATER_EQUAL Expr  (63)
	Expr : Expr . AND Expr  (64)
	Expr : Expr . OR Expr  (65)
	Expr : Expr . ADDONE  (69)
	Expr : Expr . SUBONE  (71)
	Expr : Expr . '?' Expr ':' Expr  (73)

	'*'  shift 118
	'/'  shift 119
	'%'  shift 120
	'.'  shift 123
	'['  shift 124
	ADDONE  shift 138
	SUBONE  shift 139
	VOID  reduce 53
	BOOL  reduce 53
	INT  reduce 53
	STRING  reduce 53
	CLASS  reduce 53
	NULL  reduce 53
	THIS  reduce 53
	WHILE  reduce 53
	FOR  reduce 53
	REPEAT  reduce 53
	UNTIL  reduce 53
	IF  reduce 53
	ELSE  reduce 53
	SWITCH  reduce 53
	CASE  reduce 53
	DEFAULT  reduce 53
	RETURN  reduce 53
	BREAK  reduce 53
	NEW  reduce 53
	PRINT  reduce 53
	READ_INTEGER  reduce 53
	READ_LINE  reduce 53
	LITERAL  reduce 53
	IDENTIFIER  reduce 53
	AND  reduce 53
	OR  reduce 53
	INSTANCEOF  reduce 53
	LESS_EQUAL  reduce 53
	GREATER_EQUAL  reduce 53
	EQUAL  reduce 53
	NOT_EQUAL  reduce 53
	'+'  reduce 53
	'-'  reduce 53
	'>'  reduce 53
	'<'  reduce 53
	','  reduce 53
	';'  reduce 53
	'!'  reduce 53
	'('  reduce 53
	')'  reduce 53
	']'  reduce 53
	'{'  reduce 53
	'}'  reduce 53
	'?'  reduce 53
	':'  reduce 53


state 158
	Receiver : Expr . '.'  (45)
	LValue : Expr . '[' Expr ']'  (48)
	Expr : Expr . '+' Expr  (53)
	Expr : Expr . '-' Expr  (54)
	Expr : Expr '-' Expr .  (54)
	Expr : Expr . '*' Expr  (55)
	Expr : Expr . '/' Expr  (56)
	Expr : Expr . '%' Expr  (57)
	Expr : Expr . EQUAL Expr  (58)
	Expr : Expr . NOT_EQUAL Expr  (59)
	Expr : Expr . '<' Expr  (60)
	Expr : Expr . '>' Expr  (61)
	Expr : Expr . LESS_EQUAL Expr  (62)
	Expr : Expr . GREATER_EQUAL Expr  (63)
	Expr : Expr . AND Expr  (64)
	Expr : Expr . OR Expr  (65)
	Expr : Expr . ADDONE  (69)
	Expr : Expr . SUBONE  (71)
	Expr : Expr . '?' Expr ':' Expr  (73)

	'*'  shift 118
	'/'  shift 119
	'%'  shift 120
	'.'  shift 123
	'['  shift 124
	ADDONE  shift 138
	SUBONE  shift 139
	VOID  reduce 54
	BOOL  reduce 54
	INT  reduce 54
	STRING  reduce 54
	CLASS  reduce 54
	NULL  reduce 54
	THIS  reduce 54
	WHILE  reduce 54
	FOR  reduce 54
	REPEAT  reduce 54
	UNTIL  reduce 54
	IF  reduce 54
	ELSE  reduce 54
	SWITCH  reduce 54
	CASE  reduce 54
	DEFAULT  reduce 54
	RETURN  reduce 54
	BREAK  reduce 54
	NEW  reduce 54
	PRINT  reduce 54
	READ_INTEGER  reduce 54
	READ_LINE  reduce 54
	LITERAL  reduce 54
	IDENTIFIER  reduce 54
	AND  reduce 54
	OR  reduce 54
	INSTANCEOF  reduce 54
	LESS_EQUAL  reduce 54
	GREATER_EQUAL  reduce 54
	EQUAL  reduce 54
	NOT_EQUAL  reduce 54
	'+'  reduce 54
	'-'  reduce 54
	'>'  reduce 54
	'<'  reduce 54
	','  reduce 54
	';'  reduce 54
	'!'  reduce 54
	'('  reduce 54
	')'  reduce 54
	']'  reduce 54
	'{'  reduce 54
	'}'  reduce 54
	'?'  reduce 54
	':'  reduce 54


state 159
	Receiver : Expr . '.'  (45)
	LValue : Expr . '[' Expr ']'  (48)
	Expr : Expr . '+' Expr  (53)
	Expr : Expr . '-' Expr  (54)
	Expr : Expr . '*' Expr  (55)
	Expr : Expr '*' Expr .  (55)
	Expr : Expr . '/' Expr  (56)
	Expr : Expr . '%' Expr  (57)
	Expr : Expr . EQUAL Expr  (58)
	Expr : Expr . NOT_EQUAL Expr  (59)
	Expr : Expr . '<' Expr  (60)
	Expr : Expr . '>' Expr  (61)
	Expr : Expr . LESS_EQUAL Expr  (62)
	Expr : Expr . GREATER_EQUAL Expr  (63)
	Expr : Expr . AND Expr  (64)
	Expr : Expr . OR Expr  (65)
	Expr : Expr . ADDONE  (69)
	Expr : Expr . SUBONE  (71)
	Expr : Expr . '?' Expr ':' Expr  (73)

	'.'  shift 123
	'['  shift 124
	ADDONE  shift 138
	SUBONE  shift 139
	VOID  reduce 55
	BOOL  reduce 55
	INT  reduce 55
	STRING  reduce 55
	CLASS  reduce 55
	NULL  reduce 55
	THIS  reduce 55
	WHILE  reduce 55
	FOR  reduce 55
	REPEAT  reduce 55
	UNTIL  reduce 55
	IF  reduce 55
	ELSE  reduce 55
	SWITCH  reduce 55
	CASE  reduce 55
	DEFAULT  reduce 55
	RETURN  reduce 55
	BREAK  reduce 55
	NEW  reduce 55
	PRINT  reduce 55
	READ_INTEGER  reduce 55
	READ_LINE  reduce 55
	LITERAL  reduce 55
	IDENTIFIER  reduce 55
	AND  reduce 55
	OR  reduce 55
	INSTANCEOF  reduce 55
	LESS_EQUAL  reduce 55
	GREATER_EQUAL  reduce 55
	EQUAL  reduce 55
	NOT_EQUAL  reduce 55
	'+'  reduce 55
	'-'  reduce 55
	'*'  reduce 55
	'/'  reduce 55
	'%'  reduce 55
	'>'  reduce 55
	'<'  reduce 55
	','  reduce 55
	';'  reduce 55
	'!'  reduce 55
	'('  reduce 55
	')'  reduce 55
	']'  reduce 55
	'{'  reduce 55
	'}'  reduce 55
	'?'  reduce 55
	':'  reduce 55


state 160
	Receiver : Expr . '.'  (45)
	LValue : Expr . '[' Expr ']'  (48)
	Expr : Expr . '+' Expr  (53)
	Expr : Expr . '-' Expr  (54)
	Expr : Expr . '*' Expr  (55)
	Expr : Expr . '/' Expr  (56)
	Expr : Expr '/' Expr .  (56)
	Expr : Expr . '%' Expr  (57)
	Expr : Expr . EQUAL Expr  (58)
	Expr : Expr . NOT_EQUAL Expr  (59)
	Expr : Expr . '<' Expr  (60)
	Expr : Expr . '>' Expr  (61)
	Expr : Expr . LESS_EQUAL Expr  (62)
	Expr : Expr . GREATER_EQUAL Expr  (63)
	Expr : Expr . AND Expr  (64)
	Expr : Expr . OR Expr  (65)
	Expr : Expr . ADDONE  (69)
	Expr : Expr . SUBONE  (71)
	Expr : Expr . '?' Expr ':' Expr  (73)

	'.'  shift 123
	'['  shift 124
	ADDONE  shift 138
	SUBONE  shift 139
	VOID  reduce 56
	BOOL  reduce 56
	INT  reduce 56
	STRING  reduce 56
	CLASS  reduce 56
	NULL  reduce 56
	THIS  reduce 56
	WHILE  reduce 56
	FOR  reduce 56
	REPEAT  reduce 56
	UNTIL  reduce 56
	IF  reduce 56
	ELSE  reduce 56
	SWITCH  reduce 56
	CASE  reduce 56
	DEFAULT  reduce 56
	RETURN  reduce 56
	BREAK  reduce 56
	NEW  reduce 56
	PRINT  reduce 56
	READ_INTEGER  reduce 56
	READ_LINE  reduce 56
	LITERAL  reduce 56
	IDENTIFIER  reduce 56
	AND  reduce 56
	OR  reduce 56
	INSTANCEOF  reduce 56
	LESS_EQUAL  reduce 56
	GREATER_EQUAL  reduce 56
	EQUAL  reduce 56
	NOT_EQUAL  reduce 56
	'+'  reduce 56
	'-'  reduce 56
	'*'  reduce 56
	'/'  reduce 56
	'%'  reduce 56
	'>'  reduce 56
	'<'  reduce 56
	','  reduce 56
	';'  reduce 56
	'!'  reduce 56
	'('  reduce 56
	')'  reduce 56
	']'  reduce 56
	'{'  reduce 56
	'}'  reduce 56
	'?'  reduce 56
	':'  reduce 56


state 161
	Receiver : Expr . '.'  (45)
	LValue : Expr . '[' Expr ']'  (48)
	Expr : Expr . '+' Expr  (53)
	Expr : Expr . '-' Expr  (54)
	Expr : Expr . '*' Expr  (55)
	Expr : Expr . '/' Expr  (56)
	Expr : Expr . '%' Expr  (57)
	Expr : Expr '%' Expr .  (57)
	Expr : Expr . EQUAL Expr  (58)
	Expr : Expr . NOT_EQUAL Expr  (59)
	Expr : Expr . '<' Expr  (60)
	Expr : Expr . '>' Expr  (61)
	Expr : Expr . LESS_EQUAL Expr  (62)
	Expr : Expr . GREATER_EQUAL Expr  (63)
	Expr : Expr . AND Expr  (64)
	Expr : Expr . OR Expr  (65)
	Expr : Expr . ADDONE  (69)
	Expr : Expr . SUBONE  (71)
	Expr : Expr . '?' Expr ':' Expr  (73)

	'.'  shift 123
	'['  shift 124
	ADDONE  shift 138
	SUBONE  shift 139
	VOID  reduce 57
	BOOL  reduce 57
	INT  reduce 57
	STRING  reduce 57
	CLASS  reduce 57
	NULL  reduce 57
	THIS  reduce 57
	WHILE  reduce 57
	FOR  reduce 57
	REPEAT  reduce 57
	UNTIL  reduce 57
	IF  reduce 57
	ELSE  reduce 57
	SWITCH  reduce 57
	CASE  reduce 57
	DEFAULT  reduce 57
	RETURN  reduce 57
	BREAK  reduce 57
	NEW  reduce 57
	PRINT  reduce 57
	READ_INTEGER  reduce 57
	READ_LINE  reduce 57
	LITERAL  reduce 57
	IDENTIFIER  reduce 57
	AND  reduce 57
	OR  reduce 57
	INSTANCEOF  reduce 57
	LESS_EQUAL  reduce 57
	GREATER_EQUAL  reduce 57
	EQUAL  reduce 57
	NOT_EQUAL  reduce 57
	'+'  reduce 57
	'-'  reduce 57
	'*'  reduce 57
	'/'  reduce 57
	'%'  reduce 57
	'>'  reduce 57
	'<'  reduce 57
	','  reduce 57
	';'  reduce 57
	'!'  reduce 57
	'('  reduce 57
	')'  reduce 57
	']'  reduce 57
	'{'  reduce 57
	'}'  reduce 57
	'?'  reduce 57
	':'  reduce 57


state 162
	Receiver : Expr . '.'  (45)
	LValue : Expr . '[' Expr ']'  (48)
	Expr : Expr . '+' Expr  (53)
	Expr : Expr . '-' Expr  (54)
	Expr : Expr . '*' Expr  (55)
	Expr : Expr . '/' Expr  (56)
	Expr : Expr . '%' Expr  (57)
	Expr : Expr . EQUAL Expr  (58)
	Expr : Expr . NOT_EQUAL Expr  (59)
	Expr : Expr . '<' Expr  (60)
	Expr : Expr . '>' Expr  (61)
	Expr : Expr '>' Expr .  (61)
	Expr : Expr . LESS_EQUAL Expr  (62)
	Expr : Expr . GREATER_EQUAL Expr  (63)
	Expr : Expr . AND Expr  (64)
	Expr : Expr . OR Expr  (65)
	Expr : Expr . ADDONE  (69)
	Expr : Expr . SUBONE  (71)
	Expr : Expr . '?' Expr ':' Expr  (73)

	'+'  shift 116
	'-'  shift 117
	'*'  shift 118
	'/'  shift 119
	'%'  shift 120
	'.'  shift 123
	'['  shift 124
	ADDONE  shift 138
	SUBONE  shift 139
	VOID  reduce 61
	BOOL  reduce 61
	INT  reduce 61
	STRING  reduce 61
	CLASS  reduce 61
	NULL  reduce 61
	THIS  reduce 61
	WHILE  reduce 61
	FOR  reduce 61
	REPEAT  reduce 61
	UNTIL  reduce 61
	IF  reduce 61
	ELSE  reduce 61
	SWITCH  reduce 61
	CASE  reduce 61
	DEFAULT  reduce 61
	RETURN  reduce 61
	BREAK  reduce 61
	NEW  reduce 61
	PRINT  reduce 61
	READ_INTEGER  reduce 61
	READ_LINE  reduce 61
	LITERAL  reduce 61
	IDENTIFIER  reduce 61
	AND  reduce 61
	OR  reduce 61
	INSTANCEOF  reduce 61
	EQUAL  reduce 61
	NOT_EQUAL  reduce 61
	','  reduce 61
	';'  reduce 61
	'!'  reduce 61
	'('  reduce 61
	')'  reduce 61
	']'  reduce 61
	'{'  reduce 61
	'}'  reduce 61
	'?'  reduce 61
	':'  reduce 61


state 163
	Receiver : Expr . '.'  (45)
	LValue : Expr . '[' Expr ']'  (48)
	Expr : Expr . '+' Expr  (53)
	Expr : Expr . '-' Expr  (54)
	Expr : Expr . '*' Expr  (55)
	Expr : Expr . '/' Expr  (56)
	Expr : Expr . '%' Expr  (57)
	Expr : Expr . EQUAL Expr  (58)
	Expr : Expr . NOT_EQUAL Expr  (59)
	Expr : Expr . '<' Expr  (60)
	Expr : Expr '<' Expr .  (60)
	Expr : Expr . '>' Expr  (61)
	Expr : Expr . LESS_EQUAL Expr  (62)
	Expr : Expr . GREATER_EQUAL Expr  (63)
	Expr : Expr . AND Expr  (64)
	Expr : Expr . OR Expr  (65)
	Expr : Expr . ADDONE  (69)
	Expr : Expr . SUBONE  (71)
	Expr : Expr . '?' Expr ':' Expr  (73)

	'+'  shift 116
	'-'  shift 117
	'*'  shift 118
	'/'  shift 119
	'%'  shift 120
	'.'  shift 123
	'['  shift 124
	ADDONE  shift 138
	SUBONE  shift 139
	VOID  reduce 60
	BOOL  reduce 60
	INT  reduce 60
	STRING  reduce 60
	CLASS  reduce 60
	NULL  reduce 60
	THIS  reduce 60
	WHILE  reduce 60
	FOR  reduce 60
	REPEAT  reduce 60
	UNTIL  reduce 60
	IF  reduce 60
	ELSE  reduce 60
	SWITCH  reduce 60
	CASE  reduce 60
	DEFAULT  reduce 60
	RETURN  reduce 60
	BREAK  reduce 60
	NEW  reduce 60
	PRINT  reduce 60
	READ_INTEGER  reduce 60
	READ_LINE  reduce 60
	LITERAL  reduce 60
	IDENTIFIER  reduce 60
	AND  reduce 60
	OR  reduce 60
	INSTANCEOF  reduce 60
	EQUAL  reduce 60
	NOT_EQUAL  reduce 60
	','  reduce 60
	';'  reduce 60
	'!'  reduce 60
	'('  reduce 60
	')'  reduce 60
	']'  reduce 60
	'{'  reduce 60
	'}'  reduce 60
	'?'  reduce 60
	':'  reduce 60


state 164
	Receiver : Expr . '.'  (45)
	LValue : Expr . '[' Expr ']'  (48)
	LValue : Expr '[' Expr . ']'  (48)
	Expr : Expr . '+' Expr  (53)
	Expr : Expr . '-' Expr  (54)
	Expr : Expr . '*' Expr  (55)
	Expr : Expr . '/' Expr  (56)
	Expr : Expr . '%' Expr  (57)
	Expr : Expr . EQUAL Expr  (58)
	Expr : Expr . NOT_EQUAL Expr  (59)
	Expr : Expr . '<' Expr  (60)
	Expr : Expr . '>' Expr  (61)
	Expr : Expr . LESS_EQUAL Expr  (62)
	Expr : Expr . GREATER_EQUAL Expr  (63)
	Expr : Expr . AND Expr  (64)
	Expr : Expr . OR Expr  (65)
	Expr : Expr . ADDONE  (69)
	Expr : Expr . SUBONE  (71)
	Expr : Expr . '?' Expr ':' Expr  (73)

	AND  shift 110
	OR  shift 111
	LESS_EQUAL  shift 112
	GREATER_EQUAL  shift 113
	EQUAL  shift 114
	NOT_EQUAL  shift 115
	'+'  shift 116
	'-'  shift 117
	'*'  shift 118
	'/'  shift 119
	'%'  shift 120
	'>'  shift 121
	'<'  shift 122
	'.'  shift 123
	'['  shift 124
	']'  shift 181
	'?'  shift 125
	ADDONE  shift 138
	SUBONE  shift 139
	.  error


state 165
	Receiver : Expr . '.'  (45)
	LValue : Expr . '[' Expr ']'  (48)
	Expr : Expr . '+' Expr  (53)
	Expr : Expr . '-' Expr  (54)
	Expr : Expr . '*' Expr  (55)
	Expr : Expr . '/' Expr  (56)
	Expr : Expr . '%' Expr  (57)
	Expr : Expr . EQUAL Expr  (58)
	Expr : Expr . NOT_EQUAL Expr  (59)
	Expr : Expr . '<' Expr  (60)
	Expr : Expr . '>' Expr  (61)
	Expr : Expr . LESS_EQUAL Expr  (62)
	Expr : Expr . GREATER_EQUAL Expr  (63)
	Expr : Expr . AND Expr  (64)
	Expr : Expr . OR Expr  (65)
	Expr : Expr . ADDONE  (69)
	Expr : Expr . SUBONE  (71)
	Expr : Expr . '?' Expr ':' Expr  (73)
	Expr : Expr '?' Expr . ':' Expr  (73)

	AND  shift 110
	OR  shift 111
	LESS_EQUAL  shift 112
	GREATER_EQUAL  shift 113
	EQUAL  shift 114
	NOT_EQUAL  shift 115
	'+'  shift 116
	'-'  shift 117
	'*'  shift 118
	'/'  shift 119
	'%'  shift 120
	'>'  shift 121
	'<'  shift 122
	'.'  shift 123
	'['  shift 124
	'?'  shift 125
	':'  shift 182
	ADDONE  shift 138
	SUBONE  shift 139
	.  error


state 166
	Stmt : Expr ADDONE ';' .  (39)

	.  reduce 39


state 167
	Stmt : Expr SUBONE ';' .  (41)

	.  reduce 41


state 168
	SimpleStmt : LValue '=' Expr .  (42)
	Receiver : Expr . '.'  (45)
	LValue : Expr . '[' Expr ']'  (48)
	Expr : Expr . '+' Expr  (53)
	Expr : Expr . '-' Expr  (54)
	Expr : Expr . '*' Expr  (55)
	Expr : Expr . '/' Expr  (56)
	Expr : Expr . '%' Expr  (57)
	Expr : Expr . EQUAL Expr  (58)
	Expr : Expr . NOT_EQUAL Expr  (59)
	Expr : Expr . '<' Expr  (60)
	Expr : Expr . '>' Expr  (61)
	Expr : Expr . LESS_EQUAL Expr  (62)
	Expr : Expr . GREATER_EQUAL Expr  (63)
	Expr : Expr . AND Expr  (64)
	Expr : Expr . OR Expr  (65)
	Expr : Expr . ADDONE  (69)
	Expr : Expr . SUBONE  (71)
	Expr : Expr . '?' Expr ':' Expr  (73)

	AND  shift 110
	OR  shift 111
	LESS_EQUAL  shift 112
	GREATER_EQUAL  shift 113
	EQUAL  shift 114
	NOT_EQUAL  shift 115
	'+'  shift 116
	'-'  shift 117
	'*'  shift 118
	'/'  shift 119
	'%'  shift 120
	'>'  shift 121
	'<'  shift 122
	'.'  shift 123
	'['  shift 124
	'?'  shift 125
	ADDONE  shift 138
	SUBONE  shift 139
	';'  reduce 42
	')'  reduce 42


state 169
	Call : Receiver IDENTIFIER '(' . Actuals ')'  (49)
	Receiver : .  (46)
	Actuals : .  (84)

	NULL  shift 46
	THIS  shift 47
	NEW  shift 55
	READ_INTEGER  shift 57
	READ_LINE  shift 58
	LITERAL  shift 59
	INSTANCEOF  shift 60
	'-'  shift 61
	'!'  shift 62
	'('  shift 63
	ADDONE  shift 89
	SUBONE  shift 90
	IDENTIFIER  reduce 46
	')'  reduce 84

	Expr  goto 142
	LValue  goto 92
	Call  goto 93
	Receiver  goto 82
	Actuals  goto 183
	Constant  goto 83
	ExprList  goto 184


state 170
	WhileStmt : WHILE '(' Expr ')' . Stmt  (87)
	SimpleStmt : .  (44)
	Receiver : .  (46)

	VOID  shift 12
	BOOL  shift 13
	INT  shift 14
	STRING  shift 15
	CLASS  shift 16
	NULL  shift 46
	THIS  shift 47
	WHILE  shift 48
	FOR  shift 49
	REPEAT  shift 50
	IF  shift 51
	SWITCH  shift 52
	RETURN  shift 53
	BREAK  shift 54
	NEW  shift 55
	PRINT  shift 56
	READ_INTEGER  shift 57
	READ_LINE  shift 58
	LITERAL  shift 59
	INSTANCEOF  shift 60
	'-'  shift 61
	'!'  shift 62
	'('  shift 63
	'{'  shift 41
	ADDONE  shift 65
	SUBONE  shift 66
	IDENTIFIER  reduce 46
	';'  reduce 44

	VariableDef  goto 67
	Variable  goto 20
	Type  goto 33
	StmtBlock  goto 68
	Stmt  goto 185
	SimpleStmt  goto 70
	IfStmt  goto 71
	SwitchStmt  goto 72
	RepeatUntil  goto 73
	WhileStmt  goto 74
	ForStmt  goto 75
	ReturnStmt  goto 76
	PrintStmt  goto 77
	BreakStmt  goto 78
	Expr  goto 79
	LValue  goto 80
	Call  goto 81
	Receiver  goto 82
	Constant  goto 83


state 171
	ForStmt : FOR '(' SimpleStmt ';' . Expr ';' SimpleStmt ')' Stmt  (88)
	Receiver : .  (46)

	NULL  shift 46
	THIS  shift 47
	NEW  shift 55
	READ_INTEGER  shift 57
	READ_LINE  shift 58
	LITERAL  shift 59
	INSTANCEOF  shift 60
	'-'  shift 61
	'!'  shift 62
	'('  shift 63
	ADDONE  shift 89
	SUBONE  shift 90
	IDENTIFIER  reduce 46

	Expr  goto 186
	LValue  goto 92
	Call  goto 93
	Receiver  goto 82
	Constant  goto 83


172: shift/reduce conflict (shift 117, reduce 89) on '-'
172: shift/reduce conflict (shift 138, reduce 89) on ADDONE
172: shift/reduce conflict (shift 139, reduce 89) on SUBONE
state 172
	Receiver : Expr . '.'  (45)
	LValue : Expr . '[' Expr ']'  (48)
	Expr : Expr . '+' Expr  (53)
	Expr : Expr . '-' Expr  (54)
	Expr : Expr . '*' Expr  (55)
	Expr : Expr . '/' Expr  (56)
	Expr : Expr . '%' Expr  (57)
	Expr : Expr . EQUAL Expr  (58)
	Expr : Expr . NOT_EQUAL Expr  (59)
	Expr : Expr . '<' Expr  (60)
	Expr : Expr . '>' Expr  (61)
	Expr : Expr . LESS_EQUAL Expr  (62)
	Expr : Expr . GREATER_EQUAL Expr  (63)
	Expr : Expr . AND Expr  (64)
	Expr : Expr . OR Expr  (65)
	Expr : Expr . ADDONE  (69)
	Expr : Expr . SUBONE  (71)
	Expr : Expr . '?' Expr ':' Expr  (73)
	RepeatUntil : REPEAT Stmt UNTIL Expr .  (89)

	AND  shift 110
	OR  shift 111
	LESS_EQUAL  shift 112
	GREATER_EQUAL  shift 113
	EQUAL  shift 114
	NOT_EQUAL  shift 115
	'+'  shift 116
	'-'  shift 117
	'*'  shift 118
	'/'  shift 119
	'%'  shift 120
	'>'  shift 121
	'<'  shift 122
	'.'  shift 123
	'['  shift 124
	'?'  shift 125
	ADDONE  shift 138
	SUBONE  shift 139
	VOID  reduce 89
	BOOL  reduce 89
	INT  reduce 89
	STRING  reduce 89
	CLASS  reduce 89
	NULL  reduce 89
	THIS  reduce 89
	WHILE  reduce 89
	FOR  reduce 89
	REPEAT  reduce 89
	UNTIL  reduce 89
	IF  reduce 89
	ELSE  reduce 89
	SWITCH  reduce 89
	CASE  reduce 89
	DEFAULT  reduce 89
	RETURN  reduce 89
	BREAK  reduce 89
	NEW  reduce 89
	PRINT  reduce 89
	READ_INTEGER  reduce 89
	READ_LINE  reduce 89
	LITERAL  reduce 89
	IDENTIFIER  reduce 89
	INSTANCEOF  reduce 89
	';'  reduce 89
	'!'  reduce 89
	'('  reduce 89
	'{'  reduce 89
	'}'  reduce 89


state 173
	IfStmt : IF '(' Expr ')' . Stmt ElseClause  (91)
	SimpleStmt : .  (44)
	Receiver : .  (46)

	VOID  shift 12
	BOOL  shift 13
	INT  shift 14
	STRING  shift 15
	CLASS  shift 16
	NULL  shift 46
	THIS  shift 47
	WHILE  shift 48
	FOR  shift 49
	REPEAT  shift 50
	IF  shift 51
	SWITCH  shift 52
	RETURN  shift 53
	BREAK  shift 54
	NEW  shift 55
	PRINT  shift 56
	READ_INTEGER  shift 57
	READ_LINE  shift 58
	LITERAL  shift 59
	INSTANCEOF  shift 60
	'-'  shift 61
	'!'  shift 62
	'('  shift 63
	'{'  shift 41
	ADDONE  shift 65
	SUBONE  shift 66
	IDENTIFIER  reduce 46
	';'  reduce 44

	VariableDef  goto 67
	Variable  goto 20
	Type  goto 33
	StmtBlock  goto 68
	Stmt  goto 187
	SimpleStmt  goto 70
	IfStmt  goto 71
	SwitchStmt  goto 72
	RepeatUntil  goto 73
	WhileStmt  goto 74
	ForStmt  goto 75
	ReturnStmt  goto 76
	PrintStmt  goto 77
	BreakStmt  goto 78
	Expr  goto 79
	LValue  goto 80
	Call  goto 81
	Receiver  goto 82
	Constant  goto 83


state 174
	SwitchStmt : SWITCH '(' Expr ')' . '{' SwitchBlock '}'  (94)

	'{'  shift 188
	.  error


state 175
	Expr : NEW IDENTIFIER '(' ')' .  (77)

	.  reduce 77


state 176
	Receiver : Expr . '.'  (45)
	LValue : Expr . '[' Expr ']'  (48)
	Expr : Expr . '+' Expr  (53)
	Expr : Expr . '-' Expr  (54)
	Expr : Expr . '*' Expr  (55)
	Expr : Expr . '/' Expr  (56)
	Expr : Expr . '%' Expr  (57)
	Expr : Expr . EQUAL Expr  (58)
	Expr : Expr . NOT_EQUAL Expr  (59)
	Expr : Expr . '<' Expr  (60)
	Expr : Expr . '>' Expr  (61)
	Expr : Expr . LESS_EQUAL Expr  (62)
	Expr : Expr . GREATER_EQUAL Expr  (63)
	Expr : Expr . AND Expr  (64)
	Expr : Expr . OR Expr  (65)
	Expr : Expr . ADDONE  (69)
	Expr : Expr . SUBONE  (71)
	Expr : Expr . '?' Expr ':' Expr  (73)
	Expr : NEW Type '[' Expr . ']'  (78)

	AND  shift 110
	OR  shift 111
	LESS_EQUAL  shift 112
	GREATER_EQUAL  shift 113
	EQUAL  shift 114
	NOT_EQUAL  shift 115
	'+'  shift 116
	'-'  shift 117
	'*'  shift 118
	'/'  shift 119
	'%'  shift 120
	'>'  shift 121
	'<'  shift 122
	'.'  shift 123
	'['  shift 124
	']'  shift 189
	'?'  shift 125
	ADDONE  shift 138
	SUBONE  shift 139
	.  error


state 177
	ExprList : ExprList ',' . Expr  (85)
	Receiver : .  (46)

	NULL  shift 46
	THIS  shift 47
	NEW  shift 55
	READ_INTEGER  shift 57
	READ_LINE  shift 58
	LITERAL  shift 59
	INSTANCEOF  shift 60
	'-'  shift 61
	'!'  shift 62
	'('  shift 63
	ADDONE  shift 89
	SUBONE  shift 90
	IDENTIFIER  reduce 46

	Expr  goto 190
	LValue  goto 92
	Call  goto 93
	Receiver  goto 82
	Constant  goto 83


state 178
	PrintStmt : PRINT '(' ExprList ')' .  (102)

	.  reduce 102


state 179
	Expr : INSTANCEOF '(' Expr ',' . IDENTIFIER ')'  (79)

	IDENTIFIER  shift 191
	.  error


state 180
	Expr : '(' CLASS IDENTIFIER ')' . Expr  (80)
	Receiver : .  (46)

	NULL  shift 46
	THIS  shift 47
	NEW  shift 55
	READ_INTEGER  shift 57
	READ_LINE  shift 58
	LITERAL  shift 59
	INSTANCEOF  shift 60
	'-'  shift 61
	'!'  shift 62
	'('  shift 63
	ADDONE  shift 89
	SUBONE  shift 90
	IDENTIFIER  reduce 46

	Expr  goto 192
	LValue  goto 92
	Call  goto 93
	Receiver  goto 82
	Constant  goto 83


state 181
	LValue : Expr '[' Expr ']' .  (48)

	.  reduce 48


state 182
	Expr : Expr '?' Expr ':' . Expr  (73)
	Receiver : .  (46)

	NULL  shift 46
	THIS  shift 47
	NEW  shift 55
	READ_INTEGER  shift 57
	READ_LINE  shift 58
	LITERAL  shift 59
	INSTANCEOF  shift 60
	'-'  shift 61
	'!'  shift 62
	'('  shift 63
	ADDONE  shift 89
	SUBONE  shift 90
	IDENTIFIER  reduce 46

	Expr  goto 193
	LValue  goto 92
	Call  goto 93
	Receiver  goto 82
	Constant  goto 83


state 183
	Call : Receiver IDENTIFIER '(' Actuals . ')'  (49)

	')'  shift 194
	.  error


state 184
	Actuals : ExprList .  (83)
	ExprList : ExprList . ',' Expr  (85)

	','  shift 177
	')'  reduce 83


state 185
	WhileStmt : WHILE '(' Expr ')' Stmt .  (87)

	.  reduce 87


state 186
	Receiver : Expr . '.'  (45)
	LValue : Expr . '[' Expr ']'  (48)
	Expr : Expr . '+' Expr  (53)
	Expr : Expr . '-' Expr  (54)
	Expr : Expr . '*' Expr  (55)
	Expr : Expr . '/' Expr  (56)
	Expr : Expr . '%' Expr  (57)
	Expr : Expr . EQUAL Expr  (58)
	Expr : Expr . NOT_EQUAL Expr  (59)
	Expr : Expr . '<' Expr  (60)
	Expr : Expr . '>' Expr  (61)
	Expr : Expr . LESS_EQUAL Expr  (62)
	Expr : Expr . GREATER_EQUAL Expr  (63)
	Expr : Expr . AND Expr  (64)
	Expr : Expr . OR Expr  (65)
	Expr : Expr . ADDONE  (69)
	Expr : Expr . SUBONE  (71)
	Expr : Expr . '?' Expr ':' Expr  (73)
	ForStmt : FOR '(' SimpleStmt ';' Expr . ';' SimpleStmt ')' Stmt  (88)

	AND  shift 110
	OR  shift 111
	LESS_EQUAL  shift 112
	GREATER_EQUAL  shift 113
	EQUAL  shift 114
	NOT_EQUAL  shift 115
	'+'  shift 116
	'-'  shift 117
	'*'  shift 118
	'/'  shift 119
	'%'  shift 120
	'>'  shift 121
	'<'  shift 122
	'.'  shift 123
	';'  shift 195
	'['  shift 124
	'?'  shift 125
	ADDONE  shift 138
	SUBONE  shift 139
	.  error


state 187
	IfStmt : IF '(' Expr ')' Stmt . ElseClause  (91)
	ElseClause : .  (99)

	ELSE  shift 196
	VOID  reduce 99
	BOOL  reduce 99
	INT  reduce 99
	STRING  reduce 99
	CLASS  reduce 99
	NULL  reduce 99
	THIS  reduce 99
	WHILE  reduce 99
	FOR  reduce 99
	REPEAT  reduce 99
	UNTIL  reduce 99
	IF  reduce 99
	SWITCH  reduce 99
	CASE  reduce 99
	DEFAULT  reduce 99
	RETURN  reduce 99
	BREAK  reduce 99
	NEW  reduce 99
	PRINT  reduce 99
	READ_INTEGER  reduce 99
	READ_LINE  reduce 99
	LITERAL  reduce 99
	IDENTIFIER  reduce 99
	INSTANCEOF  reduce 99
	'-'  reduce 99
	';'  reduce 99
	'!'  reduce 99
	'('  reduce 99
	'{'  reduce 99
	'}'  reduce 99
	ADDONE  reduce 99
	SUBONE  reduce 99

	ElseClause  goto 197


state 188
	SwitchStmt : SWITCH '(' Expr ')' '{' . SwitchBlock '}'  (94)
	SwitchBlock : .  (97)

	.  reduce 97

	SwitchBlock  goto 198


state 189
	Expr : NEW Type '[' Expr ']' .  (78)

	.  reduce 78


state 190
	Receiver : Expr . '.'  (45)
	LValue : Expr . '[' Expr ']'  (48)
	Expr : Expr . '+' Expr  (53)
	Expr : Expr . '-' Expr  (54)
	Expr : Expr . '*' Expr  (55)
	Expr : Expr . '/' Expr  (56)
	Expr : Expr . '%' Expr  (57)
	Expr : Expr . EQUAL Expr  (58)
	Expr : Expr . NOT_EQUAL Expr  (59)
	Expr : Expr . '<' Expr  (60)
	Expr : Expr . '>' Expr  (61)
	Expr : Expr . LESS_EQUAL Expr  (62)
	Expr : Expr . GREATER_EQUAL Expr  (63)
	Expr : Expr . AND Expr  (64)
	Expr : Expr . OR Expr  (65)
	Expr : Expr . ADDONE  (69)
	Expr : Expr . SUBONE  (71)
	Expr : Expr . '?' Expr ':' Expr  (73)
	ExprList : ExprList ',' Expr .  (85)

	AND  shift 110
	OR  shift 111
	LESS_EQUAL  shift 112
	GREATER_EQUAL  shift 113
	EQUAL  shift 114
	NOT_EQUAL  shift 115
	'+'  shift 116
	'-'  shift 117
	'*'  shift 118
	'/'  shift 119
	'%'  shift 120
	'>'  shift 121
	'<'  shift 122
	'.'  shift 123
	'['  shift 124
	'?'  shift 125
	ADDONE  shift 138
	SUBONE  shift 139
	','  reduce 85
	')'  reduce 85


state 191
	Expr : INSTANCEOF '(' Expr ',' IDENTIFIER . ')'  (79)

	')'  shift 199
	.  error


state 192
	Receiver : Expr . '.'  (45)
	LValue : Expr . '[' Expr ']'  (48)
	Expr : Expr . '+' Expr  (53)
	Expr : Expr . '-' Expr  (54)
	Expr : Expr . '*' Expr  (55)
	Expr : Expr . '/' Expr  (56)
	Expr : Expr . '%' Expr  (57)
	Expr : Expr . EQUAL Expr  (58)
	Expr : Expr . NOT_EQUAL Expr  (59)
	Expr : Expr . '<' Expr  (60)
	Expr : Expr . '>' Expr  (61)
	Expr : Expr . LESS_EQUAL Expr  (62)
	Expr : Expr . GREATER_EQUAL Expr  (63)
	Expr : Expr . AND Expr  (64)
	Expr : Expr . OR Expr  (65)
	Expr : Expr . ADDONE  (69)
	Expr : Expr . SUBONE  (71)
	Expr : Expr . '?' Expr ':' Expr  (73)
	Expr : '(' CLASS IDENTIFIER ')' Expr .  (80)

	.  reduce 80


state 193
	Receiver : Expr . '.'  (45)
	LValue : Expr . '[' Expr ']'  (48)
	Expr : Expr . '+' Expr  (53)
	Expr : Expr . '-' Expr  (54)
	Expr : Expr . '*' Expr  (55)
	Expr : Expr . '/' Expr  (56)
	Expr : Expr . '%' Expr  (57)
	Expr : Expr . EQUAL Expr  (58)
	Expr : Expr . NOT_EQUAL Expr  (59)
	Expr : Expr . '<' Expr  (60)
	Expr : Expr . '>' Expr  (61)
	Expr : Expr . LESS_EQUAL Expr  (62)
	Expr : Expr . GREATER_EQUAL Expr  (63)
	Expr : Expr . AND Expr  (64)
	Expr : Expr . OR Expr  (65)
	Expr : Expr . ADDONE  (69)
	Expr : Expr . SUBONE  (71)
	Expr : Expr . '?' Expr ':' Expr  (73)
	Expr : Expr '?' Expr ':' Expr .  (73)

	AND  shift 110
	OR  shift 111
	LESS_EQUAL  shift 112
	GREATER_EQUAL  shift 113
	EQUAL  shift 114
	NOT_EQUAL  shift 115
	'+'  shift 116
	'-'  shift 117
	'*'  shift 118
	'/'  shift 119
	'%'  shift 120
	'>'  shift 121
	'<'  shift 122
	'.'  shift 123
	'['  shift 124
	ADDONE  shift 138
	SUBONE  shift 139
	VOID  reduce 73
	BOOL  reduce 73
	INT  reduce 73
	STRING  reduce 73
	CLASS  reduce 73
	NULL  reduce 73
	THIS  reduce 73
	WHILE  reduce 73
	FOR  reduce 73
	REPEAT  reduce 73
	UNTIL  reduce 73
	IF  reduce 73
	ELSE  reduce 73
	SWITCH  reduce 73
	CASE  reduce 73
	DEFAULT  reduce 73
	RETURN  reduce 73
	BREAK  reduce 73
	NEW  reduce 73
	PRINT  reduce 73
	READ_INTEGER  reduce 73
	READ_LINE  reduce 73
	LITERAL  reduce 73
	IDENTIFIER  reduce 73
	INSTANCEOF  reduce 73
	','  reduce 73
	';'  reduce 73
	'!'  reduce 73
	'('  reduce 73
	')'  reduce 73
	']'  reduce 73
	'{'  reduce 73
	'}'  reduce 73
	':'  reduce 73


state 194
	Call : Receiver IDENTIFIER '(' Actuals ')' .  (49)

	.  reduce 49


state 195
	ForStmt : FOR '(' SimpleStmt ';' Expr ';' . SimpleStmt ')' Stmt  (88)
	SimpleStmt : .  (44)
	Receiver : .  (46)

	NULL  shift 46
	THIS  shift 47
	NEW  shift 55
	READ_INTEGER  shift 57
	READ_LINE  shift 58
	LITERAL  shift 59
	INSTANCEOF  shift 60
	'-'  shift 61
	'!'  shift 62
	'('  shift 63
	ADDONE  shift 89
	SUBONE  shift 90
	IDENTIFIER  reduce 46
	')'  reduce 44

	SimpleStmt  goto 200
	Expr  goto 132
	LValue  goto 80
	Call  goto 81
	Receiver  goto 82
	Constant  goto 83


state 196
	ElseClause : ELSE . Stmt  (98)
	SimpleStmt : .  (44)
	Receiver : .  (46)

	VOID  shift 12
	BOOL  shift 13
	INT  shift 14
	STRING  shift 15
	CLASS  shift 16
	NULL  shift 46
	THIS  shift 47
	WHILE  shift 48
	FOR  shift 49
	REPEAT  shift 50
	IF  shift 51
	SWITCH  shift 52
	RETURN  shift 53
	BREAK  shift 54
	NEW  shift 55
	PRINT  shift 56
	READ_INTEGER  shift 57
	READ_LINE  shift 58
	LITERAL  shift 59
	INSTANCEOF  shift 60
	'-'  shift 61
	'!'  shift 62
	'('  shift 63
	'{'  shift 41
	ADDONE  shift 65
	SUBONE  shift 66
	IDENTIFIER  reduce 46
	';'  reduce 44

	VariableDef  goto 67
	Variable  goto 20
	Type  goto 33
	StmtBlock  goto 68
	Stmt  goto 201
	SimpleStmt  goto 70
	IfStmt  goto 71
	SwitchStmt  goto 72
	RepeatUntil  goto 73
	WhileStmt  goto 74
	ForStmt  goto 75
	ReturnStmt  goto 76
	PrintStmt  goto 77
	BreakStmt  goto 78
	Expr  goto 79
	LValue  goto 80
	Call  goto 81
	Receiver  goto 82
	Constant  goto 83


state 197
	IfStmt : IF '(' Expr ')' Stmt ElseClause .  (91)

	.  reduce 91


state 198
	SwitchStmt : SWITCH '(' Expr ')' '{' SwitchBlock . '}'  (94)
	SwitchBlock : SwitchBlock . CaseStmt  (95)
	SwitchBlock : SwitchBlock . DefaultStmt  (96)

	CASE  shift 202
	DEFAULT  shift 203
	'}'  shift 204
	.  error

	CaseStmt  goto 205
	DefaultStmt  goto 206


state 199
	Expr : INSTANCEOF '(' Expr ',' IDENTIFIER ')' .  (79)

	.  reduce 79


state 200
	ForStmt : FOR '(' SimpleStmt ';' Expr ';' SimpleStmt . ')' Stmt  (88)

	')'  shift 207
	.  error


state 201
	ElseClause : ELSE Stmt .  (98)

	.  reduce 98


state 202
	CaseStmt : CASE . Constant ':' StmtList  (92)

	NULL  shift 46
	LITERAL  shift 59
	.  error

	Constant  goto 208


state 203
	DefaultStmt : DEFAULT . ':' StmtList  (93)

	':'  shift 209
	.  error


state 204
	SwitchStmt : SWITCH '(' Expr ')' '{' SwitchBlock '}' .  (94)

	.  reduce 94


state 205
	SwitchBlock : SwitchBlock CaseStmt .  (95)

	.  reduce 95


state 206
	SwitchBlock : SwitchBlock DefaultStmt .  (96)

	.  reduce 96


state 207
	ForStmt : FOR '(' SimpleStmt ';' Expr ';' SimpleStmt ')' . Stmt  (88)
	SimpleStmt : .  (44)
	Receiver : .  (46)

	VOID  shift 12
	BOOL  shift 13
	INT  shift 14
	STRING  shift 15
	CLASS  shift 16
	NULL  shift 46
	THIS  shift 47
	WHILE  shift 48
	FOR  shift 49
	REPEAT  shift 50
	IF  shift 51
	SWITCH  shift 52
	RETURN  shift 53
	BREAK  shift 54
	NEW  shift 55
	PRINT  shift 56
	READ_INTEGER  shift 57
	READ_LINE  shift 58
	LITERAL  shift 59
	INSTANCEOF  shift 60
	'-'  shift 61
	'!'  shift 62
	'('  shift 63
	'{'  shift 41
	ADDONE  shift 65
	SUBONE  shift 66
	IDENTIFIER  reduce 46
	';'  reduce 44

	VariableDef  goto 67
	Variable  goto 20
	Type  goto 33
	StmtBlock  goto 68
	Stmt  goto 210
	SimpleStmt  goto 70
	IfStmt  goto 71
	SwitchStmt  goto 72
	RepeatUntil  goto 73
	WhileStmt  goto 74
	ForStmt  goto 75
	ReturnStmt  goto 76
	PrintStmt  goto 77
	BreakStmt  goto 78
	Expr  goto 79
	LValue  goto 80
	Call  goto 81
	Receiver  goto 82
	Constant  goto 83


state 208
	CaseStmt : CASE Constant . ':' StmtList  (92)

	':'  shift 211
	.  error


state 209
	DefaultStmt : DEFAULT ':' . StmtList  (93)
	StmtList : .  (26)

	.  reduce 26

	StmtList  goto 212


state 210
	ForStmt : FOR '(' SimpleStmt ';' Expr ';' SimpleStmt ')' Stmt .  (88)

	.  reduce 88


state 211
	CaseStmt : CASE Constant ':' . StmtList  (92)
	StmtList : .  (26)

	.  reduce 26

	StmtList  goto 213


state 212
	StmtList : StmtList . Stmt  (25)
	DefaultStmt : DEFAULT ':' StmtList .  (93)
	SimpleStmt : .  (44)
	Receiver : .  (46)

	VOID  shift 12
	BOOL  shift 13
	INT  shift 14
	STRING  shift 15
	CLASS  shift 16
	NULL  shift 46
	THIS  shift 47
	WHILE  shift 48
	FOR  shift 49
	REPEAT  shift 50
	IF  shift 51
	SWITCH  shift 52
	RETURN  shift 53
	BREAK  shift 54
	NEW  shift 55
	PRINT  shift 56
	READ_INTEGER  shift 57
	READ_LINE  shift 58
	LITERAL  shift 59
	INSTANCEOF  shift 60
	'-'  shift 61
	'!'  shift 62
	'('  shift 63
	'{'  shift 41
	ADDONE  shift 65
	SUBONE  shift 66
	CASE  reduce 93
	DEFAULT  reduce 93
	IDENTIFIER  reduce 46
	';'  reduce 44
	'}'  reduce 93

	VariableDef  goto 67
	Variable  goto 20
	Type  goto 33
	StmtBlock  goto 68
	Stmt  goto 69
	SimpleStmt  goto 70
	IfStmt  goto 71
	SwitchStmt  goto 72
	RepeatUntil  goto 73
	WhileStmt  goto 74
	ForStmt  goto 75
	ReturnStmt  goto 76
	PrintStmt  goto 77
	BreakStmt  goto 78
	Expr  goto 79
	LValue  goto 80
	Call  goto 81
	Receiver  goto 82
	Constant  goto 83


state 213
	StmtList : StmtList . Stmt  (25)
	CaseStmt : CASE Constant ':' StmtList .  (92)
	SimpleStmt : .  (44)
	Receiver : .  (46)

	VOID  shift 12
	BOOL  shift 13
	INT  shift 14
	STRING  shift 15
	CLASS  shift 16
	NULL  shift 46
	THIS  shift 47
	WHILE  shift 48
	FOR  shift 49
	REPEAT  shift 50
	IF  shift 51
	SWITCH  shift 52
	RETURN  shift 53
	BREAK  shift 54
	NEW  shift 55
	PRINT  shift 56
	READ_INTEGER  shift 57
	READ_LINE  shift 58
	LITERAL  shift 59
	INSTANCEOF  shift 60
	'-'  shift 61
	'!'  shift 62
	'('  shift 63
	'{'  shift 41
	ADDONE  shift 65
	SUBONE  shift 66
	CASE  reduce 92
	DEFAULT  reduce 92
	IDENTIFIER  reduce 46
	';'  reduce 44
	'}'  reduce 92

	VariableDef  goto 67
	Variable  goto 20
	Type  goto 33
	StmtBlock  goto 68
	Stmt  goto 69
	SimpleStmt  goto 70
	IfStmt  goto 71
	SwitchStmt  goto 72
	RepeatUntil  goto 73
	WhileStmt  goto 74
	ForStmt  goto 75
	ReturnStmt  goto 76
	PrintStmt  goto 77
	BreakStmt  goto 78
	Expr  goto 79
	LValue  goto 80
	Call  goto 81
	Receiver  goto 82
	Constant  goto 83


State 129 contains 1 shift/reduce conflict.
State 172 contains 3 shift/reduce conflicts.


59 terminals, 35 nonterminals
103 grammar rules, 214 states
